2026-02-14 20:55:00 - Strategy: FEDASYNC
2026-02-14 20:55:00 - CIFAR-10 λ°μ΄ν„°μ…‹ λ΅λ“ λ° λ¶„ν•  μ¤‘...
2026-02-14 20:55:01 - λ°μ΄ν„°μ…‹ λ΅λ“ μ™„λ£. μ„μ„±λ‹Ή ν‰κ·  λ°μ΄ν„° μ: 1000.0
2026-02-14 20:55:01 - μ„μ„± κ΄€λ¦¬μ μƒμ„± μ™„λ£.
2026-02-14 20:55:01 - μ„μ„± κ΄€λ¦¬μ μ΄μ μ‹μ‘.
2026-02-14 20:55:01 - Constellation λ΅λ“: 238κ° μ„μ„±, 17 planes Γ— 14 sats
2026-02-14 20:55:01 - κ¶¤λ„ μ „ν μ™„λ£ (259200 steps).
2026-02-14 20:55:01 - IoT ν†µμ‹  κ°€λ¥ μ‹κ°„ λ¶„μ„ μ‹μ‘...
2026-02-14 20:56:51 - μ§€μƒκµ­ ν†µμ‹  κ°€λ¥ μ‹κ°„ λ¶„μ„ μ‹μ‘...
2026-02-14 20:57:26 - λ¨λ“  ν†µμ‹  μ¤μΌ€μ¤„ κ³„μ‚° μ™„λ£.
2026-02-14 20:57:26 - 
=== μ—°ν•© ν•™μµ μ‹λ®¬λ μ΄μ… μ‹μ‘ [FEDASYNC] ===
2026-02-14 20:57:26 - π“… μ΄ 76843κ° μ΄λ²¤νΈ (IOT: 51662, GS: 25181) | Strategy: fedasync
2026-02-14 20:57:26 - 
π“΅ [02-14 11:55] SAT_59 : μ§€μƒκµ­ μ ‘μ†
2026-02-14 20:57:26 -    β­οΈ SAT_59: λ―Έν•™μµ & μµμ‹  β†’ Skip
2026-02-14 20:57:26 - 
π“΅ [02-14 11:55] SAT_72 : μ§€μƒκµ­ μ ‘μ†
2026-02-14 20:57:26 -    β­οΈ SAT_72: λ―Έν•™μµ & μµμ‹  β†’ Skip
2026-02-14 20:57:26 - 
π“΅ [02-14 11:55] SAT_78 : IoT ν•™μµ (Amazon_Forest)
2026-02-14 20:57:26 - β… [Train] λ°°μΉ κ°μ: 9
2026-02-14 20:57:26 -               μ—ν¬ν¬ 1/5 μ§„ν–‰ μ¤‘...
2026-02-14 20:57:26 -               μ—ν¬ν¬ 2/5 μ§„ν–‰ μ¤‘...
2026-02-14 20:57:27 -               μ—ν¬ν¬ 3/5 μ§„ν–‰ μ¤‘...
2026-02-14 20:57:27 -               μ—ν¬ν¬ 4/5 μ§„ν–‰ μ¤‘...
2026-02-14 20:57:27 -               μ—ν¬ν¬ 5/5 μ§„ν–‰ μ¤‘...
2026-02-14 20:57:27 -              π§  ν•™μµ μ™„λ£ (Samples: 5445)
2026-02-14 20:57:27 -    β… SAT_78 ν•™μµ μ™„λ£ (LR: 0.0100, v0.1)
2026-02-14 20:57:27 - 
π“΅ [02-14 11:55] SAT_172 : IoT ν•™μµ (Abisko Tundra)
2026-02-14 20:57:27 - β… [Train] λ°°μΉ κ°μ: 4
2026-02-14 20:57:27 -               μ—ν¬ν¬ 1/5 μ§„ν–‰ μ¤‘...
2026-02-14 20:57:27 -               μ—ν¬ν¬ 2/5 μ§„ν–‰ μ¤‘...
2026-02-14 20:57:27 -               μ—ν¬ν¬ 3/5 μ§„ν–‰ μ¤‘...
2026-02-14 20:57:28 -               μ—ν¬ν¬ 4/5 μ§„ν–‰ μ¤‘...
2026-02-14 20:57:28 -               μ—ν¬ν¬ 5/5 μ§„ν–‰ μ¤‘...
2026-02-14 20:57:28 -              π§  ν•™μµ μ™„λ£ (Samples: 2285)
2026-02-14 20:57:28 -    β… SAT_172 ν•™μµ μ™„λ£ (LR: 0.0100, v0.1)
2026-02-14 20:57:28 - 
π“΅ [02-14 11:55] SAT_186 : IoT ν•™μµ (Abisko Tundra)
2026-02-14 20:57:28 - β… [Train] λ°°μΉ κ°μ: 7
2026-02-14 20:57:28 -               μ—ν¬ν¬ 1/5 μ§„ν–‰ μ¤‘...
2026-02-14 20:57:28 -               μ—ν¬ν¬ 2/5 μ§„ν–‰ μ¤‘...
2026-02-14 20:57:28 -               μ—ν¬ν¬ 3/5 μ§„ν–‰ μ¤‘...
2026-02-14 20:57:29 -               μ—ν¬ν¬ 4/5 μ§„ν–‰ μ¤‘...
2026-02-14 20:57:29 -               μ—ν¬ν¬ 5/5 μ§„ν–‰ μ¤‘...
2026-02-14 20:57:29 -              π§  ν•™μµ μ™„λ£ (Samples: 4365)
2026-02-14 20:57:29 -    β… SAT_186 ν•™μµ μ™„λ£ (LR: 0.0100, v0.1)
2026-02-14 20:57:29 - 
π“΅ [02-14 11:55] SAT_202 : μ§€μƒκµ­ μ ‘μ†
2026-02-14 20:57:29 -    β­οΈ SAT_202: λ―Έν•™μµ & μµμ‹  β†’ Skip
2026-02-14 20:57:29 - 
π“΅ [02-14 11:55] SAT_216 : μ§€μƒκµ­ μ ‘μ†
2026-02-14 20:57:29 -    β­οΈ SAT_216: λ―Έν•™μµ & μµμ‹  β†’ Skip
2026-02-14 20:57:29 - 
π“΅ [02-14 11:55] SAT_213 : IoT ν•™μµ (Abisko Tundra)
2026-02-14 20:57:29 - β… [Train] λ°°μΉ κ°μ: 4
2026-02-14 20:57:29 -               μ—ν¬ν¬ 1/5 μ§„ν–‰ μ¤‘...
2026-02-14 20:57:29 -               μ—ν¬ν¬ 2/5 μ§„ν–‰ μ¤‘...
2026-02-14 20:57:29 -               μ—ν¬ν¬ 3/5 μ§„ν–‰ μ¤‘...
2026-02-14 20:57:30 -               μ—ν¬ν¬ 4/5 μ§„ν–‰ μ¤‘...
2026-02-14 20:57:30 -               μ—ν¬ν¬ 5/5 μ§„ν–‰ μ¤‘...
2026-02-14 20:57:30 -              π§  ν•™μµ μ™„λ£ (Samples: 2495)
2026-02-14 20:57:30 -    β… SAT_213 ν•™μµ μ™„λ£ (LR: 0.0100, v0.1)
2026-02-14 20:57:30 - 
π“΅ [02-14 11:55] SAT_215 : μ§€μƒκµ­ μ ‘μ†
2026-02-14 20:57:30 -    β­οΈ SAT_215: λ―Έν•™μµ & μµμ‹  β†’ Skip
2026-02-14 20:57:30 - 
π“΅ [02-14 11:56] SAT_58 : μ§€μƒκµ­ μ ‘μ†
2026-02-14 20:57:30 -    β­οΈ SAT_58: λ―Έν•™μµ & μµμ‹  β†’ Skip
2026-02-14 20:57:30 - 
π“΅ [02-14 11:56] SAT_204 : IoT ν•™μµ (Great_Barrier_Reef)
2026-02-14 20:57:30 - β… [Train] λ°°μΉ κ°μ: 11
2026-02-14 20:57:30 -               μ—ν¬ν¬ 1/5 μ§„ν–‰ μ¤‘...
2026-02-14 20:57:30 -               μ—ν¬ν¬ 2/5 μ§„ν–‰ μ¤‘...
2026-02-14 20:57:30 -               μ—ν¬ν¬ 3/5 μ§„ν–‰ μ¤‘...
2026-02-14 20:57:31 -               μ—ν¬ν¬ 4/5 μ§„ν–‰ μ¤‘...
2026-02-14 20:57:31 -               μ—ν¬ν¬ 5/5 μ§„ν–‰ μ¤‘...
2026-02-14 20:57:31 -              π§  ν•™μµ μ™„λ£ (Samples: 6575)
2026-02-14 20:57:31 -    β… SAT_204 ν•™μµ μ™„λ£ (LR: 0.0100, v0.1)
2026-02-14 20:57:31 - 
π“΅ [02-14 11:57] SAT_199 : IoT ν•™μµ (Abisko Tundra)
2026-02-14 20:57:31 - β… [Train] λ°°μΉ κ°μ: 7
2026-02-14 20:57:31 -               μ—ν¬ν¬ 1/5 μ§„ν–‰ μ¤‘...
2026-02-14 20:57:31 -               μ—ν¬ν¬ 2/5 μ§„ν–‰ μ¤‘...
2026-02-14 20:57:31 -               μ—ν¬ν¬ 3/5 μ§„ν–‰ μ¤‘...
2026-02-14 20:57:32 -               μ—ν¬ν¬ 4/5 μ§„ν–‰ μ¤‘...
2026-02-14 20:57:32 -               μ—ν¬ν¬ 5/5 μ§„ν–‰ μ¤‘...
2026-02-14 20:57:32 -              π§  ν•™μµ μ™„λ£ (Samples: 4430)
2026-02-14 20:57:32 -    β… SAT_199 ν•™μµ μ™„λ£ (LR: 0.0100, v0.1)
2026-02-14 20:57:32 - 
π“΅ [02-14 11:57] SAT_158 : IoT ν•™μµ (Abisko Tundra)
2026-02-14 20:57:32 - β… [Train] λ°°μΉ κ°μ: 8
2026-02-14 20:57:32 -               μ—ν¬ν¬ 1/5 μ§„ν–‰ μ¤‘...
2026-02-14 20:57:32 -               μ—ν¬ν¬ 2/5 μ§„ν–‰ μ¤‘...
2026-02-14 20:57:32 -               μ—ν¬ν¬ 3/5 μ§„ν–‰ μ¤‘...
2026-02-14 20:57:33 -               μ—ν¬ν¬ 4/5 μ§„ν–‰ μ¤‘...
2026-02-14 20:57:33 -               μ—ν¬ν¬ 5/5 μ§„ν–‰ μ¤‘...
2026-02-14 20:57:33 -              π§  ν•™μµ μ™„λ£ (Samples: 5050)
2026-02-14 20:57:33 -    β… SAT_158 ν•™μµ μ™„λ£ (LR: 0.0100, v0.1)
2026-02-14 20:57:33 - 
π“΅ [02-14 11:57] SAT_182 : IoT ν•™μµ (Amazon_Forest)
2026-02-14 20:57:33 - β… [Train] λ°°μΉ κ°μ: 10
2026-02-14 20:57:33 -               μ—ν¬ν¬ 1/5 μ§„ν–‰ μ¤‘...
2026-02-14 20:57:33 -               μ—ν¬ν¬ 2/5 μ§„ν–‰ μ¤‘...
2026-02-14 20:57:34 -               μ—ν¬ν¬ 3/5 μ§„ν–‰ μ¤‘...
2026-02-14 20:57:34 -               μ—ν¬ν¬ 4/5 μ§„ν–‰ μ¤‘...
2026-02-14 20:57:34 -               μ—ν¬ν¬ 5/5 μ§„ν–‰ μ¤‘...
2026-02-14 20:57:34 -              π§  ν•™μµ μ™„λ£ (Samples: 6170)
2026-02-14 20:57:34 -    β… SAT_182 ν•™μµ μ™„λ£ (LR: 0.0100, v0.1)
2026-02-14 20:57:34 - 
π“΅ [02-14 11:58] SAT_201 : μ§€μƒκµ­ μ ‘μ†
2026-02-14 20:57:34 -    β­οΈ SAT_201: λ―Έν•™μµ & μµμ‹  β†’ Skip
2026-02-14 20:57:34 - 
π“΅ [02-14 11:59] SAT_185 : IoT ν•™μµ (Abisko Tundra)
2026-02-14 20:57:34 - β… [Train] λ°°μΉ κ°μ: 7
2026-02-14 20:57:34 -               μ—ν¬ν¬ 1/5 μ§„ν–‰ μ¤‘...
2026-02-14 20:57:35 -               μ—ν¬ν¬ 2/5 μ§„ν–‰ μ¤‘...
2026-02-14 20:57:35 -               μ—ν¬ν¬ 3/5 μ§„ν–‰ μ¤‘...
2026-02-14 20:57:35 -               μ—ν¬ν¬ 4/5 μ§„ν–‰ μ¤‘...
2026-02-14 20:57:35 -               μ—ν¬ν¬ 5/5 μ§„ν–‰ μ¤‘...
2026-02-14 20:57:35 -              π§  ν•™μµ μ™„λ£ (Samples: 4025)
2026-02-14 20:57:35 -    β… SAT_185 ν•™μµ μ™„λ£ (LR: 0.0100, v0.1)
2026-02-14 20:57:35 - 
π“΅ [02-14 12:00] SAT_77 : IoT ν•™μµ (Amazon_Forest)
2026-02-14 20:57:35 - β… [Train] λ°°μΉ κ°μ: 3
2026-02-14 20:57:35 -               μ—ν¬ν¬ 1/5 μ§„ν–‰ μ¤‘...
2026-02-14 20:57:36 -               μ—ν¬ν¬ 2/5 μ§„ν–‰ μ¤‘...
2026-02-14 20:57:36 -               μ—ν¬ν¬ 3/5 μ§„ν–‰ μ¤‘...
2026-02-14 20:57:36 -               μ—ν¬ν¬ 4/5 μ§„ν–‰ μ¤‘...
2026-02-14 20:57:36 -               μ—ν¬ν¬ 5/5 μ§„ν–‰ μ¤‘...
2026-02-14 20:57:36 -              π§  ν•™μµ μ™„λ£ (Samples: 1320)
2026-02-14 20:57:36 -    β… SAT_77 ν•™μµ μ™„λ£ (LR: 0.0100, v0.1)
2026-02-14 20:57:36 - 
π“΅ [02-14 12:01] SAT_71 : μ§€μƒκµ­ μ ‘μ†
2026-02-14 20:57:36 -    β­οΈ SAT_71: λ―Έν•™μµ & μµμ‹  β†’ Skip
2026-02-14 20:57:36 - 
π“΅ [02-14 12:02] SAT_171 : IoT ν•™μµ (Abisko Tundra)
2026-02-14 20:57:36 - β… [Train] λ°°μΉ κ°μ: 5
2026-02-14 20:57:36 -               μ—ν¬ν¬ 1/5 μ§„ν–‰ μ¤‘...
2026-02-14 20:57:37 -               μ—ν¬ν¬ 2/5 μ§„ν–‰ μ¤‘...
2026-02-14 20:57:37 -               μ—ν¬ν¬ 3/5 μ§„ν–‰ μ¤‘...
2026-02-14 20:57:37 -               μ—ν¬ν¬ 4/5 μ§„ν–‰ μ¤‘...
2026-02-14 20:57:37 -               μ—ν¬ν¬ 5/5 μ§„ν–‰ μ¤‘...
2026-02-14 20:57:37 -              π§  ν•™μµ μ™„λ£ (Samples: 2580)
2026-02-14 20:57:37 -    β… SAT_171 ν•™μµ μ™„λ£ (LR: 0.0100, v0.1)
2026-02-14 20:57:37 - 
π“΅ [02-14 12:02] SAT_212 : IoT ν•™μµ (Abisko Tundra)
2026-02-14 20:57:37 - β… [Train] λ°°μΉ κ°μ: 8
2026-02-14 20:57:37 -               μ—ν¬ν¬ 1/5 μ§„ν–‰ μ¤‘...
2026-02-14 20:57:38 -               μ—ν¬ν¬ 2/5 μ§„ν–‰ μ¤‘...
2026-02-14 20:57:38 -               μ—ν¬ν¬ 3/5 μ§„ν–‰ μ¤‘...
2026-02-14 20:57:38 -               μ—ν¬ν¬ 4/5 μ§„ν–‰ μ¤‘...
2026-02-14 20:57:38 -               μ—ν¬ν¬ 5/5 μ§„ν–‰ μ¤‘...
2026-02-14 20:57:39 -              π§  ν•™μµ μ™„λ£ (Samples: 4540)
2026-02-14 20:57:39 -    β… SAT_212 ν•™μµ μ™„λ£ (LR: 0.0100, v0.1)
2026-02-14 20:57:39 - 
π“΅ [02-14 12:02] SAT_214 : μ§€μƒκµ­ μ ‘μ†
2026-02-14 20:57:39 -    β­οΈ SAT_214: λ―Έν•™μµ & μµμ‹  β†’ Skip
2026-02-14 20:57:39 - 
π“΅ [02-14 12:03] SAT_57 : μ§€μƒκµ­ μ ‘μ†
2026-02-14 20:57:39 -    β­οΈ SAT_57: λ―Έν•™μµ & μµμ‹  β†’ Skip
2026-02-14 20:57:39 - 
π“΅ [02-14 12:04] SAT_198 : IoT ν•™μµ (Abisko Tundra)
2026-02-14 20:57:39 - β… [Train] λ°°μΉ κ°μ: 8
2026-02-14 20:57:39 -               μ—ν¬ν¬ 1/5 μ§„ν–‰ μ¤‘...
2026-02-14 20:57:39 -               μ—ν¬ν¬ 2/5 μ§„ν–‰ μ¤‘...
2026-02-14 20:57:39 -               μ—ν¬ν¬ 3/5 μ§„ν–‰ μ¤‘...
2026-02-14 20:57:39 -               μ—ν¬ν¬ 4/5 μ§„ν–‰ μ¤‘...
2026-02-14 20:57:40 -               μ—ν¬ν¬ 5/5 μ§„ν–‰ μ¤‘...
2026-02-14 20:57:40 -              π§  ν•™μµ μ™„λ£ (Samples: 5030)
2026-02-14 20:57:40 -    β… SAT_198 ν•™μµ μ™„λ£ (LR: 0.0100, v0.1)
2026-02-14 20:57:40 - 
π“΅ [02-14 12:04] SAT_157 : IoT ν•™μµ (Abisko Tundra)
2026-02-14 20:57:40 - β… [Train] λ°°μΉ κ°μ: 8
2026-02-14 20:57:40 -               μ—ν¬ν¬ 1/5 μ§„ν–‰ μ¤‘...
2026-02-14 20:57:40 -               μ—ν¬ν¬ 2/5 μ§„ν–‰ μ¤‘...
2026-02-14 20:57:40 -               μ—ν¬ν¬ 3/5 μ§„ν–‰ μ¤‘...
2026-02-14 20:57:41 -               μ—ν¬ν¬ 4/5 μ§„ν–‰ μ¤‘...
2026-02-14 20:57:41 -               μ—ν¬ν¬ 5/5 μ§„ν–‰ μ¤‘...
2026-02-14 20:57:41 -              π§  ν•™μµ μ™„λ£ (Samples: 4610)
2026-02-14 20:57:41 -    β… SAT_157 ν•™μµ μ™„λ£ (LR: 0.0100, v0.1)
2026-02-14 20:57:41 - 
π“΅ [02-14 12:05] SAT_200 : μ§€μƒκµ­ μ ‘μ†
2026-02-14 20:57:41 -    β­οΈ SAT_200: λ―Έν•™μµ & μµμ‹  β†’ Skip
2026-02-14 20:57:41 - 
π“΅ [02-14 12:06] SAT_184 : IoT ν•™μµ (Abisko Tundra)
2026-02-14 20:57:41 - β… [Train] λ°°μΉ κ°μ: 10
2026-02-14 20:57:41 -               μ—ν¬ν¬ 1/5 μ§„ν–‰ μ¤‘...
2026-02-14 20:57:41 -               μ—ν¬ν¬ 2/5 μ§„ν–‰ μ¤‘...
2026-02-14 20:57:42 -               μ—ν¬ν¬ 3/5 μ§„ν–‰ μ¤‘...
2026-02-14 20:57:42 -               μ—ν¬ν¬ 4/5 μ§„ν–‰ μ¤‘...
2026-02-14 20:57:42 -               μ—ν¬ν¬ 5/5 μ§„ν–‰ μ¤‘...
2026-02-14 20:57:42 -              π§  ν•™μµ μ™„λ£ (Samples: 6055)
2026-02-14 20:57:42 -    β… SAT_184 ν•™μµ μ™„λ£ (LR: 0.0100, v0.1)
2026-02-14 20:57:42 - 
π“΅ [02-14 12:07] SAT_76 : IoT ν•™μµ (Amazon_Forest)
2026-02-14 20:57:42 - β… [Train] λ°°μΉ κ°μ: 4
2026-02-14 20:57:42 -               μ—ν¬ν¬ 1/5 μ§„ν–‰ μ¤‘...
2026-02-14 20:57:42 -               μ—ν¬ν¬ 2/5 μ§„ν–‰ μ¤‘...
2026-02-14 20:57:43 -               μ—ν¬ν¬ 3/5 μ§„ν–‰ μ¤‘...
2026-02-14 20:57:43 -               μ—ν¬ν¬ 4/5 μ§„ν–‰ μ¤‘...
2026-02-14 20:57:43 -               μ—ν¬ν¬ 5/5 μ§„ν–‰ μ¤‘...
2026-02-14 20:57:43 -              π§  ν•™μµ μ™„λ£ (Samples: 2355)
2026-02-14 20:57:43 -    β… SAT_76 ν•™μµ μ™„λ£ (LR: 0.0100, v0.1)
2026-02-14 20:57:43 - 
π“΅ [02-14 12:07] SAT_110 : IoT ν•™μµ (Great_Barrier_Reef)
2026-02-14 20:57:43 - β… [Train] λ°°μΉ κ°μ: 8
2026-02-14 20:57:43 -               μ—ν¬ν¬ 1/5 μ§„ν–‰ μ¤‘...
2026-02-14 20:57:43 -               μ—ν¬ν¬ 2/5 μ§„ν–‰ μ¤‘...
2026-02-14 20:57:44 -               μ—ν¬ν¬ 3/5 μ§„ν–‰ μ¤‘...
2026-02-14 20:57:44 -               μ—ν¬ν¬ 4/5 μ§„ν–‰ μ¤‘...
2026-02-14 20:57:44 -               μ—ν¬ν¬ 5/5 μ§„ν–‰ μ¤‘...
2026-02-14 20:57:44 -              π§  ν•™μµ μ™„λ£ (Samples: 5025)
2026-02-14 20:57:44 -    β… SAT_110 ν•™μµ μ™„λ£ (LR: 0.0100, v0.1)
2026-02-14 20:57:44 - 
π“΅ [02-14 12:07] SAT_70 : μ§€μƒκµ­ μ ‘μ†
2026-02-14 20:57:44 -    β­οΈ SAT_70: λ―Έν•™μµ & μµμ‹  β†’ Skip
2026-02-14 20:57:44 - 
π“΅ [02-14 12:09] SAT_170 : IoT ν•™μµ (Abisko Tundra)
2026-02-14 20:57:44 - β… [Train] λ°°μΉ κ°μ: 10
2026-02-14 20:57:44 -               μ—ν¬ν¬ 1/5 μ§„ν–‰ μ¤‘...
2026-02-14 20:57:44 -               μ—ν¬ν¬ 2/5 μ§„ν–‰ μ¤‘...
2026-02-14 20:57:45 -               μ—ν¬ν¬ 3/5 μ§„ν–‰ μ¤‘...
2026-02-14 20:57:45 -               μ—ν¬ν¬ 4/5 μ§„ν–‰ μ¤‘...
2026-02-14 20:57:45 -               μ—ν¬ν¬ 5/5 μ§„ν–‰ μ¤‘...
2026-02-14 20:57:45 -              π§  ν•™μµ μ™„λ£ (Samples: 6140)
2026-02-14 20:57:45 -    β… SAT_170 ν•™μµ μ™„λ£ (LR: 0.0100, v0.1)
2026-02-14 20:57:45 - 
π“΅ [02-14 12:09] SAT_211 : IoT ν•™μµ (Abisko Tundra)
2026-02-14 20:57:45 - β… [Train] λ°°μΉ κ°μ: 5
2026-02-14 20:57:45 -               μ—ν¬ν¬ 1/5 μ§„ν–‰ μ¤‘...
2026-02-14 20:57:46 -               μ—ν¬ν¬ 2/5 μ§„ν–‰ μ¤‘...
2026-02-14 20:57:46 -               μ—ν¬ν¬ 3/5 μ§„ν–‰ μ¤‘...
2026-02-14 20:57:46 -               μ—ν¬ν¬ 4/5 μ§„ν–‰ μ¤‘...
2026-02-14 20:57:46 -               μ—ν¬ν¬ 5/5 μ§„ν–‰ μ¤‘...
2026-02-14 20:57:46 -              π§  ν•™μµ μ™„λ£ (Samples: 2955)
2026-02-14 20:57:46 -    β… SAT_211 ν•™μµ μ™„λ£ (LR: 0.0100, v0.1)
2026-02-14 20:57:46 - 
π“΅ [02-14 12:09] SAT_213 : μ§€μƒκµ­ μ ‘μ†
2026-02-14 20:57:46 -    β΅ [FedAsync] Ξ±=0.2500Γ—s(Ο„=0)=1.000 β†’ Ξ±_eff=0.2500
2026-02-14 20:57:46 -    π“ Round #1: v1 (ν‰κ°€ μ¤ν‚µ)
2026-02-14 20:57:46 - 
π“΅ [02-14 12:10] SAT_56 : μ§€μƒκµ­ μ ‘μ†
2026-02-14 20:57:46 -    π“¥ SAT_56: λ―Έν•™μµ β†’ v1.0 λ‹¤μ΄λ΅λ“
2026-02-14 20:57:46 - 
π“΅ [02-14 12:11] SAT_197 : IoT ν•™μµ (Abisko Tundra)
2026-02-14 20:57:46 - β… [Train] λ°°μΉ κ°μ: 9
2026-02-14 20:57:46 -               μ—ν¬ν¬ 1/5 μ§„ν–‰ μ¤‘...
2026-02-14 20:57:47 -               μ—ν¬ν¬ 2/5 μ§„ν–‰ μ¤‘...
2026-02-14 20:57:47 -               μ—ν¬ν¬ 3/5 μ§„ν–‰ μ¤‘...
2026-02-14 20:57:47 -               μ—ν¬ν¬ 4/5 μ§„ν–‰ μ¤‘...
2026-02-14 20:57:47 -               μ—ν¬ν¬ 5/5 μ§„ν–‰ μ¤‘...
2026-02-14 20:57:47 -              π§  ν•™μµ μ™„λ£ (Samples: 5590)
2026-02-14 20:57:47 -    β… SAT_197 ν•™μµ μ™„λ£ (LR: 0.0100, v0.1)
2026-02-14 20:57:47 - 
π“΅ [02-14 12:11] SAT_156 : IoT ν•™μµ (Abisko Tundra)
2026-02-14 20:57:47 - β… [Train] λ°°μΉ κ°μ: 16
2026-02-14 20:57:47 -               μ—ν¬ν¬ 1/5 μ§„ν–‰ μ¤‘...
2026-02-14 20:57:48 -               μ—ν¬ν¬ 2/5 μ§„ν–‰ μ¤‘...
2026-02-14 20:57:48 -               μ—ν¬ν¬ 3/5 μ§„ν–‰ μ¤‘...
2026-02-14 20:57:48 -               μ—ν¬ν¬ 4/5 μ§„ν–‰ μ¤‘...
2026-02-14 20:57:48 -               μ—ν¬ν¬ 5/5 μ§„ν–‰ μ¤‘...
2026-02-14 20:57:49 -              π§  ν•™μµ μ™„λ£ (Samples: 9760)
2026-02-14 20:57:49 -    β… SAT_156 ν•™μµ μ™„λ£ (LR: 0.0100, v0.1)
2026-02-14 20:57:49 - 
π“΅ [02-14 12:12] SAT_199 : μ§€μƒκµ­ μ ‘μ†
2026-02-14 20:57:49 -    π“¥ SAT_199: λ―Έν•™μµ β†’ v1.0 λ‹¤μ΄λ΅λ“
2026-02-14 20:57:49 - 
π“΅ [02-14 12:13] SAT_183 : IoT ν•™μµ (Abisko Tundra)
2026-02-14 20:57:49 - β… [Train] λ°°μΉ κ°μ: 7
2026-02-14 20:57:49 -               μ—ν¬ν¬ 1/5 μ§„ν–‰ μ¤‘...
2026-02-14 20:57:49 -               μ—ν¬ν¬ 2/5 μ§„ν–‰ μ¤‘...
2026-02-14 20:57:49 -               μ—ν¬ν¬ 3/5 μ§„ν–‰ μ¤‘...
2026-02-14 20:57:49 -               μ—ν¬ν¬ 4/5 μ§„ν–‰ μ¤‘...
2026-02-14 20:57:50 -               μ—ν¬ν¬ 5/5 μ§„ν–‰ μ¤‘...
2026-02-14 20:57:50 -              π§  ν•™μµ μ™„λ£ (Samples: 4360)
2026-02-14 20:57:50 -    β… SAT_183 ν•™μµ μ™„λ£ (LR: 0.0100, v0.1)
2026-02-14 20:57:50 - 
π“΅ [02-14 12:14] SAT_75 : IoT ν•™μµ (Amazon_Forest)
2026-02-14 20:57:50 - β… [Train] λ°°μΉ κ°μ: 12
2026-02-14 20:57:50 -               μ—ν¬ν¬ 1/5 μ§„ν–‰ μ¤‘...
2026-02-14 20:57:50 -               μ—ν¬ν¬ 2/5 μ§„ν–‰ μ¤‘...
2026-02-14 20:57:50 -               μ—ν¬ν¬ 3/5 μ§„ν–‰ μ¤‘...
2026-02-14 20:57:51 -               μ—ν¬ν¬ 4/5 μ§„ν–‰ μ¤‘...
2026-02-14 20:57:51 -               μ—ν¬ν¬ 5/5 μ§„ν–‰ μ¤‘...
2026-02-14 20:57:51 -              π§  ν•™μµ μ™„λ£ (Samples: 7565)
2026-02-14 20:57:51 -    β… SAT_75 ν•™μµ μ™„λ£ (LR: 0.0100, v0.1)
2026-02-14 20:57:51 - 
π“΅ [02-14 12:14] SAT_109 : IoT ν•™μµ (Great_Barrier_Reef)
2026-02-14 20:57:51 - β… [Train] λ°°μΉ κ°μ: 9
2026-02-14 20:57:51 -               μ—ν¬ν¬ 1/5 μ§„ν–‰ μ¤‘...
2026-02-14 20:57:51 -               μ—ν¬ν¬ 2/5 μ§„ν–‰ μ¤‘...
2026-02-14 20:57:52 -               μ—ν¬ν¬ 3/5 μ§„ν–‰ μ¤‘...
2026-02-14 20:57:52 -               μ—ν¬ν¬ 4/5 μ§„ν–‰ μ¤‘...
2026-02-14 20:57:52 -               μ—ν¬ν¬ 5/5 μ§„ν–‰ μ¤‘...
2026-02-14 20:57:52 -              π§  ν•™μµ μ™„λ£ (Samples: 5230)
2026-02-14 20:57:52 -    β… SAT_109 ν•™μµ μ™„λ£ (LR: 0.0100, v0.1)
2026-02-14 20:57:52 - 
π“΅ [02-14 12:14] SAT_83 : μ§€μƒκµ­ μ ‘μ†
2026-02-14 20:57:52 -    π“¥ SAT_83: λ―Έν•™μµ β†’ v1.0 λ‹¤μ΄λ΅λ“
2026-02-14 20:57:52 - 
π“΅ [02-14 12:15] SAT_210 : IoT ν•™μµ (Abisko Tundra)
2026-02-14 20:57:52 - β… [Train] λ°°μΉ κ°μ: 8
2026-02-14 20:57:52 -               μ—ν¬ν¬ 1/5 μ§„ν–‰ μ¤‘...
2026-02-14 20:57:53 -               μ—ν¬ν¬ 2/5 μ§„ν–‰ μ¤‘...
2026-02-14 20:57:53 -               μ—ν¬ν¬ 3/5 μ§„ν–‰ μ¤‘...
2026-02-14 20:57:53 -               μ—ν¬ν¬ 4/5 μ§„ν–‰ μ¤‘...
2026-02-14 20:57:53 -               μ—ν¬ν¬ 5/5 μ§„ν–‰ μ¤‘...
2026-02-14 20:57:54 -              π§  ν•™μµ μ™„λ£ (Samples: 5025)
2026-02-14 20:57:54 -    β… SAT_210 ν•™μµ μ™„λ£ (LR: 0.0100, v0.1)
2026-02-14 20:57:54 - 
π“΅ [02-14 12:16] SAT_169 : IoT ν•™μµ (Abisko Tundra)
2026-02-14 20:57:54 - β… [Train] λ°°μΉ κ°μ: 4
2026-02-14 20:57:54 -               μ—ν¬ν¬ 1/5 μ§„ν–‰ μ¤‘...
2026-02-14 20:57:54 -               μ—ν¬ν¬ 2/5 μ§„ν–‰ μ¤‘...
2026-02-14 20:57:54 -               μ—ν¬ν¬ 3/5 μ§„ν–‰ μ¤‘...
2026-02-14 20:57:54 -               μ—ν¬ν¬ 4/5 μ§„ν–‰ μ¤‘...
2026-02-14 20:57:54 -               μ—ν¬ν¬ 5/5 μ§„ν–‰ μ¤‘...
2026-02-14 20:57:55 -              π§  ν•™μµ μ™„λ£ (Samples: 2550)
2026-02-14 20:57:55 -    β… SAT_169 ν•™μµ μ™„λ£ (LR: 0.0100, v0.1)
2026-02-14 20:57:55 - 
π“΅ [02-14 12:16] SAT_212 : μ§€μƒκµ­ μ ‘μ†
2026-02-14 20:57:55 -    π“¥ SAT_212: λ―Έν•™μµ β†’ v1.0 λ‹¤μ΄λ΅λ“
2026-02-14 20:57:55 - 
π“΅ [02-14 12:18] SAT_196 : IoT ν•™μµ (Abisko Tundra)
2026-02-14 20:57:55 - β… [Train] λ°°μΉ κ°μ: 13
2026-02-14 20:57:55 -               μ—ν¬ν¬ 1/5 μ§„ν–‰ μ¤‘...
2026-02-14 20:57:55 -               μ—ν¬ν¬ 2/5 μ§„ν–‰ μ¤‘...
2026-02-14 20:57:55 -               μ—ν¬ν¬ 3/5 μ§„ν–‰ μ¤‘...
2026-02-14 20:57:56 -               μ—ν¬ν¬ 4/5 μ§„ν–‰ μ¤‘...
2026-02-14 20:57:56 -               μ—ν¬ν¬ 5/5 μ§„ν–‰ μ¤‘...
2026-02-14 20:57:56 -              π§  ν•™μµ μ™„λ£ (Samples: 8095)
2026-02-14 20:57:56 -    β… SAT_196 ν•™μµ μ™„λ£ (LR: 0.0100, v0.1)
2026-02-14 20:57:56 - 
π“΅ [02-14 12:18] SAT_69 : μ§€μƒκµ­ μ ‘μ†
2026-02-14 20:57:56 -    π“¥ SAT_69: λ―Έν•™μµ β†’ v1.0 λ‹¤μ΄λ΅λ“
2026-02-14 20:57:56 - 
π“΅ [02-14 12:18] SAT_155 : IoT ν•™μµ (Abisko Tundra)
2026-02-14 20:57:56 - β… [Train] λ°°μΉ κ°μ: 4
2026-02-14 20:57:56 -               μ—ν¬ν¬ 1/5 μ§„ν–‰ μ¤‘...
2026-02-14 20:57:56 -               μ—ν¬ν¬ 2/5 μ§„ν–‰ μ¤‘...
2026-02-14 20:57:57 -               μ—ν¬ν¬ 3/5 μ§„ν–‰ μ¤‘...
2026-02-14 20:57:57 -               μ—ν¬ν¬ 4/5 μ§„ν–‰ μ¤‘...
2026-02-14 20:57:57 -               μ—ν¬ν¬ 5/5 μ§„ν–‰ μ¤‘...
2026-02-14 20:57:57 -              π§  ν•™μµ μ™„λ£ (Samples: 2500)
2026-02-14 20:57:57 -    β… SAT_155 ν•™μµ μ™„λ£ (LR: 0.0100, v0.1)
2026-02-14 20:57:57 - 
π“΅ [02-14 12:20] SAT_198 : μ§€μƒκµ­ μ ‘μ†
2026-02-14 20:57:57 -    π“¥ SAT_198: λ―Έν•™μµ β†’ v1.0 λ‹¤μ΄λ΅λ“
2026-02-14 20:57:57 - 
π“΅ [02-14 12:20] SAT_182 : IoT ν•™μµ (Abisko Tundra)
2026-02-14 20:57:57 - β… [Train] λ°°μΉ κ°μ: 10
2026-02-14 20:57:57 -               μ—ν¬ν¬ 1/5 μ§„ν–‰ μ¤‘...
2026-02-14 20:57:57 -               μ—ν¬ν¬ 2/5 μ§„ν–‰ μ¤‘...
2026-02-14 20:57:58 -               μ—ν¬ν¬ 3/5 μ§„ν–‰ μ¤‘...
2026-02-14 20:57:58 -               μ—ν¬ν¬ 4/5 μ§„ν–‰ μ¤‘...
2026-02-14 20:57:58 -               μ—ν¬ν¬ 5/5 μ§„ν–‰ μ¤‘...
2026-02-14 20:57:58 -              π§  ν•™μµ μ™„λ£ (Samples: 6170)
2026-02-14 20:57:58 -    β… SAT_182 ν•™μµ μ™„λ£ (LR: 0.0100, v0.2)
2026-02-14 20:57:58 - 
π“΅ [02-14 12:20] SAT_108 : IoT ν•™μµ (Great_Barrier_Reef)
2026-02-14 20:57:58 - β… [Train] λ°°μΉ κ°μ: 8
2026-02-14 20:57:58 -               μ—ν¬ν¬ 1/5 μ§„ν–‰ μ¤‘...
2026-02-14 20:57:59 -               μ—ν¬ν¬ 2/5 μ§„ν–‰ μ¤‘...
2026-02-14 20:57:59 -               μ—ν¬ν¬ 3/5 μ§„ν–‰ μ¤‘...
2026-02-14 20:57:59 -               μ—ν¬ν¬ 4/5 μ§„ν–‰ μ¤‘...
2026-02-14 20:57:59 -               μ—ν¬ν¬ 5/5 μ§„ν–‰ μ¤‘...
2026-02-14 20:58:00 -              π§  ν•™μµ μ™„λ£ (Samples: 5050)
2026-02-14 20:58:00 -    β… SAT_108 ν•™μµ μ™„λ£ (LR: 0.0100, v0.1)
2026-02-14 20:58:00 - 
π“΅ [02-14 12:21] SAT_74 : IoT ν•™μµ (Amazon_Forest)
2026-02-14 20:58:00 - β… [Train] λ°°μΉ κ°μ: 7
2026-02-14 20:58:00 -               μ—ν¬ν¬ 1/5 μ§„ν–‰ μ¤‘...
2026-02-14 20:58:00 -               μ—ν¬ν¬ 2/5 μ§„ν–‰ μ¤‘...
2026-02-14 20:58:00 -               μ—ν¬ν¬ 3/5 μ§„ν–‰ μ¤‘...
2026-02-14 20:58:00 -               μ—ν¬ν¬ 4/5 μ§„ν–‰ μ¤‘...
2026-02-14 20:58:00 -               μ—ν¬ν¬ 5/5 μ§„ν–‰ μ¤‘...
2026-02-14 20:58:01 -              π§  ν•™μµ μ™„λ£ (Samples: 4020)
2026-02-14 20:58:01 -    β… SAT_74 ν•™μµ μ™„λ£ (LR: 0.0100, v0.1)
2026-02-14 20:58:01 - 
π“΅ [02-14 12:21] SAT_214 : IoT ν•™μµ (Great_Barrier_Reef)
2026-02-14 20:58:01 - β… [Train] λ°°μΉ κ°μ: 15
2026-02-14 20:58:01 -               μ—ν¬ν¬ 1/5 μ§„ν–‰ μ¤‘...
2026-02-14 20:58:01 -               μ—ν¬ν¬ 2/5 μ§„ν–‰ μ¤‘...
2026-02-14 20:58:01 -               μ—ν¬ν¬ 3/5 μ§„ν–‰ μ¤‘...
2026-02-14 20:58:01 -               μ—ν¬ν¬ 4/5 μ§„ν–‰ μ¤‘...
2026-02-14 20:58:02 -               μ—ν¬ν¬ 5/5 μ§„ν–‰ μ¤‘...
2026-02-14 20:58:02 -              π§  ν•™μµ μ™„λ£ (Samples: 9240)
2026-02-14 20:58:02 -    β… SAT_214 ν•™μµ μ™„λ£ (LR: 0.0100, v0.1)
2026-02-14 20:58:02 - 
π“΅ [02-14 12:21] SAT_82 : μ§€μƒκµ­ μ ‘μ†
2026-02-14 20:58:02 -    π“¥ SAT_82: λ―Έν•™μµ β†’ v1.0 λ‹¤μ΄λ΅λ“
2026-02-14 20:58:02 - 
π“΅ [02-14 12:22] SAT_206 : IoT ν•™μµ (Amazon_Forest)
2026-02-14 20:58:02 - β… [Train] λ°°μΉ κ°μ: 16
2026-02-14 20:58:02 -               μ—ν¬ν¬ 1/5 μ§„ν–‰ μ¤‘...
2026-02-14 20:58:02 -               μ—ν¬ν¬ 2/5 μ§„ν–‰ μ¤‘...
2026-02-14 20:58:02 -               μ—ν¬ν¬ 3/5 μ§„ν–‰ μ¤‘...
2026-02-14 20:58:03 -               μ—ν¬ν¬ 4/5 μ§„ν–‰ μ¤‘...
2026-02-14 20:58:03 -               μ—ν¬ν¬ 5/5 μ§„ν–‰ μ¤‘...
2026-02-14 20:58:03 -              π§  ν•™μµ μ™„λ£ (Samples: 9760)
2026-02-14 20:58:03 -    β… SAT_206 ν•™μµ μ™„λ£ (LR: 0.0100, v0.1)
2026-02-14 20:58:03 - 
π“΅ [02-14 12:22] SAT_223 : IoT ν•™μµ (Abisko Tundra)
2026-02-14 20:58:03 - β… [Train] λ°°μΉ κ°μ: 8
2026-02-14 20:58:03 -               μ—ν¬ν¬ 1/5 μ§„ν–‰ μ¤‘...
2026-02-14 20:58:03 -               μ—ν¬ν¬ 2/5 μ§„ν–‰ μ¤‘...
2026-02-14 20:58:04 -               μ—ν¬ν¬ 3/5 μ§„ν–‰ μ¤‘...
2026-02-14 20:58:04 -               μ—ν¬ν¬ 4/5 μ§„ν–‰ μ¤‘...
2026-02-14 20:58:04 -               μ—ν¬ν¬ 5/5 μ§„ν–‰ μ¤‘...
2026-02-14 20:58:04 -              π§  ν•™μµ μ™„λ£ (Samples: 5100)
2026-02-14 20:58:04 -    β… SAT_223 ν•™μµ μ™„λ£ (LR: 0.0100, v0.1)
2026-02-14 20:58:04 - 
π“΅ [02-14 12:23] SAT_168 : IoT ν•™μµ (Abisko Tundra)
2026-02-14 20:58:04 - β… [Train] λ°°μΉ κ°μ: 7
2026-02-14 20:58:04 -               μ—ν¬ν¬ 1/5 μ§„ν–‰ μ¤‘...
2026-02-14 20:58:04 -               μ—ν¬ν¬ 2/5 μ§„ν–‰ μ¤‘...
2026-02-14 20:58:05 -               μ—ν¬ν¬ 3/5 μ§„ν–‰ μ¤‘...
2026-02-14 20:58:05 -               μ—ν¬ν¬ 4/5 μ§„ν–‰ μ¤‘...
2026-02-14 20:58:05 -               μ—ν¬ν¬ 5/5 μ§„ν–‰ μ¤‘...
2026-02-14 20:58:05 -              π§  ν•™μµ μ™„λ£ (Samples: 3860)
2026-02-14 20:58:05 -    β… SAT_168 ν•™μµ μ™„λ£ (LR: 0.0100, v0.1)
2026-02-14 20:58:05 - 
π“΅ [02-14 12:23] SAT_211 : μ§€μƒκµ­ μ ‘μ†
2026-02-14 20:58:05 -    π“¥ SAT_211: λ―Έν•™μµ β†’ v1.0 λ‹¤μ΄λ΅λ“
2026-02-14 20:58:05 - 
π“΅ [02-14 12:25] SAT_209 : IoT ν•™μµ (Abisko Tundra)
2026-02-14 20:58:05 - β… [Train] λ°°μΉ κ°μ: 9
2026-02-14 20:58:05 -               μ—ν¬ν¬ 1/5 μ§„ν–‰ μ¤‘...
2026-02-14 20:58:06 -               μ—ν¬ν¬ 2/5 μ§„ν–‰ μ¤‘...
2026-02-14 20:58:06 -               μ—ν¬ν¬ 3/5 μ§„ν–‰ μ¤‘...
2026-02-14 20:58:06 -               μ—ν¬ν¬ 4/5 μ§„ν–‰ μ¤‘...
2026-02-14 20:58:06 -               μ—ν¬ν¬ 5/5 μ§„ν–‰ μ¤‘...
2026-02-14 20:58:06 -              π§  ν•™μµ μ™„λ£ (Samples: 5230)
2026-02-14 20:58:06 -    β… SAT_209 ν•™μµ μ™„λ£ (LR: 0.0100, v0.1)
2026-02-14 20:58:06 - 
π“΅ [02-14 12:25] SAT_68 : μ§€μƒκµ­ μ ‘μ†
2026-02-14 20:58:06 -    π“¥ SAT_68: λ―Έν•™μµ β†’ v1.0 λ‹¤μ΄λ΅λ“
2026-02-14 20:58:06 - 
π“΅ [02-14 12:25] SAT_154 : IoT ν•™μµ (Abisko Tundra)
2026-02-14 20:58:06 - β… [Train] λ°°μΉ κ°μ: 11
2026-02-14 20:58:06 -               μ—ν¬ν¬ 1/5 μ§„ν–‰ μ¤‘...
2026-02-14 20:58:07 -               μ—ν¬ν¬ 2/5 μ§„ν–‰ μ¤‘...
2026-02-14 20:58:07 -               μ—ν¬ν¬ 3/5 μ§„ν–‰ μ¤‘...
2026-02-14 20:58:07 -               μ—ν¬ν¬ 4/5 μ§„ν–‰ μ¤‘...
2026-02-14 20:58:07 -               μ—ν¬ν¬ 5/5 μ§„ν–‰ μ¤‘...
2026-02-14 20:58:08 -              π§  ν•™μµ μ™„λ£ (Samples: 6575)
2026-02-14 20:58:08 -    β… SAT_154 ν•™μµ μ™„λ£ (LR: 0.0100, v0.1)
2026-02-14 20:58:08 - 
π“΅ [02-14 12:27] SAT_107 : IoT ν•™μµ (Great_Barrier_Reef)
2026-02-14 20:58:08 - β… [Train] λ°°μΉ κ°μ: 8
2026-02-14 20:58:08 -               μ—ν¬ν¬ 1/5 μ§„ν–‰ μ¤‘...
2026-02-14 20:58:08 -               μ—ν¬ν¬ 2/5 μ§„ν–‰ μ¤‘...
2026-02-14 20:58:08 -               μ—ν¬ν¬ 3/5 μ§„ν–‰ μ¤‘...
2026-02-14 20:58:08 -               μ—ν¬ν¬ 4/5 μ§„ν–‰ μ¤‘...
2026-02-14 20:58:08 -               μ—ν¬ν¬ 5/5 μ§„ν–‰ μ¤‘...
2026-02-14 20:58:09 -              π§  ν•™μµ μ™„λ£ (Samples: 4610)
2026-02-14 20:58:09 -    β… SAT_107 ν•™μµ μ™„λ£ (LR: 0.0100, v0.1)
2026-02-14 20:58:09 - 
π“΅ [02-14 12:27] SAT_195 : IoT ν•™μµ (Abisko Tundra)
2026-02-14 20:58:09 - β… [Train] λ°°μΉ κ°μ: 7
2026-02-14 20:58:09 -               μ—ν¬ν¬ 1/5 μ§„ν–‰ μ¤‘...
2026-02-14 20:58:09 -               μ—ν¬ν¬ 2/5 μ§„ν–‰ μ¤‘...
2026-02-14 20:58:09 -               μ—ν¬ν¬ 3/5 μ§„ν–‰ μ¤‘...
2026-02-14 20:58:09 -               μ—ν¬ν¬ 4/5 μ§„ν–‰ μ¤‘...
2026-02-14 20:58:10 -               μ—ν¬ν¬ 5/5 μ§„ν–‰ μ¤‘...
2026-02-14 20:58:10 -              π§  ν•™μµ μ™„λ£ (Samples: 3855)
2026-02-14 20:58:10 -    β… SAT_195 ν•™μµ μ™„λ£ (LR: 0.0100, v0.1)
2026-02-14 20:58:10 - 
π“΅ [02-14 12:27] SAT_197 : μ§€μƒκµ­ μ ‘μ†
2026-02-14 20:58:10 -    π“¥ SAT_197: λ―Έν•™μµ β†’ v1.0 λ‹¤μ΄λ΅λ“
2026-02-14 20:58:10 - 
π“΅ [02-14 12:28] SAT_213 : IoT ν•™μµ (Great_Barrier_Reef)
2026-02-14 20:58:10 - β… [Train] λ°°μΉ κ°μ: 4
2026-02-14 20:58:10 -               μ—ν¬ν¬ 1/5 μ§„ν–‰ μ¤‘...
2026-02-14 20:58:10 -               μ—ν¬ν¬ 2/5 μ§„ν–‰ μ¤‘...
2026-02-14 20:58:10 -               μ—ν¬ν¬ 3/5 μ§„ν–‰ μ¤‘...
2026-02-14 20:58:11 -               μ—ν¬ν¬ 4/5 μ§„ν–‰ μ¤‘...
2026-02-14 20:58:11 -               μ—ν¬ν¬ 5/5 μ§„ν–‰ μ¤‘...
2026-02-14 20:58:11 -              π§  ν•™μµ μ™„λ£ (Samples: 2495)
2026-02-14 20:58:11 -    β… SAT_213 ν•™μµ μ™„λ£ (LR: 0.0100, v1.1)
2026-02-14 20:58:11 - 
π“΅ [02-14 12:28] SAT_73 : IoT ν•™μµ (Amazon_Forest)
2026-02-14 20:58:11 - β… [Train] λ°°μΉ κ°μ: 8
2026-02-14 20:58:11 -               μ—ν¬ν¬ 1/5 μ§„ν–‰ μ¤‘...
2026-02-14 20:58:11 -               μ—ν¬ν¬ 2/5 μ§„ν–‰ μ¤‘...
2026-02-14 20:58:12 -               μ—ν¬ν¬ 3/5 μ§„ν–‰ μ¤‘...
2026-02-14 20:58:12 -               μ—ν¬ν¬ 4/5 μ§„ν–‰ μ¤‘...
2026-02-14 20:58:12 -               μ—ν¬ν¬ 5/5 μ§„ν–‰ μ¤‘...
2026-02-14 20:58:12 -              π§  ν•™μµ μ™„λ£ (Samples: 5100)
2026-02-14 20:58:12 -    β… SAT_73 ν•™μµ μ™„λ£ (LR: 0.0100, v0.1)
2026-02-14 20:58:12 - 
π“΅ [02-14 12:28] SAT_81 : μ§€μƒκµ­ μ ‘μ†
2026-02-14 20:58:12 -    π“¥ SAT_81: λ―Έν•™μµ β†’ v1.0 λ‹¤μ΄λ΅λ“
2026-02-14 20:58:12 - 
π“΅ [02-14 12:29] SAT_205 : IoT ν•™μµ (Amazon_Forest)
2026-02-14 20:58:12 - β… [Train] λ°°μΉ κ°μ: 4
2026-02-14 20:58:12 -               μ—ν¬ν¬ 1/5 μ§„ν–‰ μ¤‘...
2026-02-14 20:58:13 -               μ—ν¬ν¬ 2/5 μ§„ν–‰ μ¤‘...
2026-02-14 20:58:13 -               μ—ν¬ν¬ 3/5 μ§„ν–‰ μ¤‘...
2026-02-14 20:58:13 -               μ—ν¬ν¬ 4/5 μ§„ν–‰ μ¤‘...
2026-02-14 20:58:13 -               μ—ν¬ν¬ 5/5 μ§„ν–‰ μ¤‘...
2026-02-14 20:58:14 -              π§  ν•™μµ μ™„λ£ (Samples: 2500)
2026-02-14 20:58:14 -    β… SAT_205 ν•™μµ μ™„λ£ (LR: 0.0100, v0.1)
2026-02-14 20:58:14 - 
π“΅ [02-14 12:29] SAT_222 : IoT ν•™μµ (Abisko Tundra)
2026-02-14 20:58:14 - β… [Train] λ°°μΉ κ°μ: 4
2026-02-14 20:58:14 -               μ—ν¬ν¬ 1/5 μ§„ν–‰ μ¤‘...
2026-02-14 20:58:14 -               μ—ν¬ν¬ 2/5 μ§„ν–‰ μ¤‘...
2026-02-14 20:58:14 -               μ—ν¬ν¬ 3/5 μ§„ν–‰ μ¤‘...
2026-02-14 20:58:14 -               μ—ν¬ν¬ 4/5 μ§„ν–‰ μ¤‘...
2026-02-14 20:58:14 -               μ—ν¬ν¬ 5/5 μ§„ν–‰ μ¤‘...
2026-02-14 20:58:15 -              π§  ν•™μµ μ™„λ£ (Samples: 2285)
2026-02-14 20:58:15 -    β… SAT_222 ν•™μµ μ™„λ£ (LR: 0.0100, v0.1)
2026-02-14 20:58:15 - 
π“΅ [02-14 12:30] SAT_181 : IoT ν•™μµ (Abisko Tundra)
2026-02-14 20:58:15 - β… [Train] λ°°μΉ κ°μ: 10
2026-02-14 20:58:15 -               μ—ν¬ν¬ 1/5 μ§„ν–‰ μ¤‘...
2026-02-14 20:58:15 -               μ—ν¬ν¬ 2/5 μ§„ν–‰ μ¤‘...
2026-02-14 20:58:15 -               μ—ν¬ν¬ 3/5 μ§„ν–‰ μ¤‘...
2026-02-14 20:58:15 -               μ—ν¬ν¬ 4/5 μ§„ν–‰ μ¤‘...
2026-02-14 20:58:16 -               μ—ν¬ν¬ 5/5 μ§„ν–‰ μ¤‘...
2026-02-14 20:58:16 -              π§  ν•™μµ μ™„λ£ (Samples: 5850)
2026-02-14 20:58:16 -    β… SAT_181 ν•™μµ μ™„λ£ (LR: 0.0100, v0.1)
2026-02-14 20:58:16 - 
π“΅ [02-14 12:30] SAT_210 : μ§€μƒκµ­ μ ‘μ†
2026-02-14 20:58:16 -    π“¥ SAT_210: λ―Έν•™μµ β†’ v1.0 λ‹¤μ΄λ΅λ“
2026-02-14 20:58:16 - 
π“΅ [02-14 12:32] SAT_208 : IoT ν•™μµ (Abisko Tundra)
2026-02-14 20:58:16 - β… [Train] λ°°μΉ κ°μ: 8
2026-02-14 20:58:16 -               μ—ν¬ν¬ 1/5 μ§„ν–‰ μ¤‘...
2026-02-14 20:58:16 -               μ—ν¬ν¬ 2/5 μ§„ν–‰ μ¤‘...
2026-02-14 20:58:16 -               μ—ν¬ν¬ 3/5 μ§„ν–‰ μ¤‘...
2026-02-14 20:58:17 -               μ—ν¬ν¬ 4/5 μ§„ν–‰ μ¤‘...
2026-02-14 20:58:17 -               μ—ν¬ν¬ 5/5 μ§„ν–‰ μ¤‘...
2026-02-14 20:58:17 -              π§  ν•™μµ μ™„λ£ (Samples: 5050)
2026-02-14 20:58:17 -    β… SAT_208 ν•™μµ μ™„λ£ (LR: 0.0100, v0.1)
2026-02-14 20:58:17 - 
π“΅ [02-14 12:32] SAT_167 : IoT ν•™μµ (Abisko Tundra)
2026-02-14 20:58:17 - β… [Train] λ°°μΉ κ°μ: 3
2026-02-14 20:58:17 -               μ—ν¬ν¬ 1/5 μ§„ν–‰ μ¤‘...
2026-02-14 20:58:17 -               μ—ν¬ν¬ 2/5 μ§„ν–‰ μ¤‘...
2026-02-14 20:58:18 -               μ—ν¬ν¬ 3/5 μ§„ν–‰ μ¤‘...
2026-02-14 20:58:18 -               μ—ν¬ν¬ 4/5 μ§„ν–‰ μ¤‘...
2026-02-14 20:58:18 -               μ—ν¬ν¬ 5/5 μ§„ν–‰ μ¤‘...
2026-02-14 20:58:18 -              π§  ν•™μµ μ™„λ£ (Samples: 1455)
2026-02-14 20:58:18 -    β… SAT_167 ν•™μµ μ™„λ£ (LR: 0.0100, v0.1)
2026-02-14 20:58:18 - 
π“΅ [02-14 12:33] SAT_67 : μ§€μƒκµ­ μ ‘μ†
2026-02-14 20:58:18 -    π“¥ SAT_67: λ―Έν•™μµ β†’ v1.0 λ‹¤μ΄λ΅λ“
2026-02-14 20:58:18 - 
π“΅ [02-14 12:34] SAT_106 : IoT ν•™μµ (Great_Barrier_Reef)
2026-02-14 20:58:18 - β… [Train] λ°°μΉ κ°μ: 16
2026-02-14 20:58:18 -               μ—ν¬ν¬ 1/5 μ§„ν–‰ μ¤‘...
2026-02-14 20:58:19 -               μ—ν¬ν¬ 2/5 μ§„ν–‰ μ¤‘...
2026-02-14 20:58:19 -               μ—ν¬ν¬ 3/5 μ§„ν–‰ μ¤‘...
2026-02-14 20:58:19 -               μ—ν¬ν¬ 4/5 μ§„ν–‰ μ¤‘...
2026-02-14 20:58:19 -               μ—ν¬ν¬ 5/5 μ§„ν–‰ μ¤‘...
2026-02-14 20:58:20 -              π§  ν•™μµ μ™„λ£ (Samples: 9760)
2026-02-14 20:58:20 -    β… SAT_106 ν•™μµ μ™„λ£ (LR: 0.0100, v0.1)
2026-02-14 20:58:20 - 
π“΅ [02-14 12:34] SAT_194 : IoT ν•™μµ (Abisko Tundra)
2026-02-14 20:58:20 - β… [Train] λ°°μΉ κ°μ: 12
2026-02-14 20:58:20 -               μ—ν¬ν¬ 1/5 μ§„ν–‰ μ¤‘...
2026-02-14 20:58:20 -               μ—ν¬ν¬ 2/5 μ§„ν–‰ μ¤‘...
2026-02-14 20:58:20 -               μ—ν¬ν¬ 3/5 μ§„ν–‰ μ¤‘...
2026-02-14 20:58:20 -               μ—ν¬ν¬ 4/5 μ§„ν–‰ μ¤‘...
2026-02-14 20:58:21 -               μ—ν¬ν¬ 5/5 μ§„ν–‰ μ¤‘...
2026-02-14 20:58:21 -              π§  ν•™μµ μ™„λ£ (Samples: 7395)
2026-02-14 20:58:21 -    β… SAT_194 ν•™μµ μ™„λ£ (LR: 0.0100, v0.1)
2026-02-14 20:58:21 - 
π“΅ [02-14 12:34] SAT_212 : IoT ν•™μµ (Great_Barrier_Reef)
2026-02-14 20:58:21 - β… [Train] λ°°μΉ κ°μ: 8
2026-02-14 20:58:21 -               μ—ν¬ν¬ 1/5 μ§„ν–‰ μ¤‘...
2026-02-14 20:58:21 -               μ—ν¬ν¬ 2/5 μ§„ν–‰ μ¤‘...
2026-02-14 20:58:21 -               μ—ν¬ν¬ 3/5 μ§„ν–‰ μ¤‘...
2026-02-14 20:58:22 -               μ—ν¬ν¬ 4/5 μ§„ν–‰ μ¤‘...
2026-02-14 20:58:22 -               μ—ν¬ν¬ 5/5 μ§„ν–‰ μ¤‘...
2026-02-14 20:58:22 -              π§  ν•™μµ μ™„λ£ (Samples: 4540)
2026-02-14 20:58:22 -    β… SAT_212 ν•™μµ μ™„λ£ (LR: 0.0100, v1.1)
2026-02-14 20:58:22 - 
π“΅ [02-14 12:35] SAT_72 : IoT ν•™μµ (Amazon_Forest)
2026-02-14 20:58:22 - β… [Train] λ°°μΉ κ°μ: 4
2026-02-14 20:58:22 -               μ—ν¬ν¬ 1/5 μ§„ν–‰ μ¤‘...
2026-02-14 20:58:22 -               μ—ν¬ν¬ 2/5 μ§„ν–‰ μ¤‘...
2026-02-14 20:58:22 -               μ—ν¬ν¬ 3/5 μ§„ν–‰ μ¤‘...
2026-02-14 20:58:23 -               μ—ν¬ν¬ 4/5 μ§„ν–‰ μ¤‘...
2026-02-14 20:58:23 -               μ—ν¬ν¬ 5/5 μ§„ν–‰ μ¤‘...
2026-02-14 20:58:23 -              π§  ν•™μµ μ™„λ£ (Samples: 2285)
2026-02-14 20:58:23 -    β… SAT_72 ν•™μµ μ™„λ£ (LR: 0.0100, v0.1)
2026-02-14 20:58:23 - 
π“΅ [02-14 12:35] SAT_80 : μ§€μƒκµ­ μ ‘μ†
2026-02-14 20:58:23 -    π“¥ SAT_80: λ―Έν•™μµ β†’ v1.0 λ‹¤μ΄λ΅λ“
2026-02-14 20:58:23 - 
π“΅ [02-14 12:36] SAT_204 : IoT ν•™μµ (Amazon_Forest)
2026-02-14 20:58:23 - β… [Train] λ°°μΉ κ°μ: 11
2026-02-14 20:58:23 -               μ—ν¬ν¬ 1/5 μ§„ν–‰ μ¤‘...
2026-02-14 20:58:23 -               μ—ν¬ν¬ 2/5 μ§„ν–‰ μ¤‘...
2026-02-14 20:58:23 -               μ—ν¬ν¬ 3/5 μ§„ν–‰ μ¤‘...
2026-02-14 20:58:24 -               μ—ν¬ν¬ 4/5 μ§„ν–‰ μ¤‘...
2026-02-14 20:58:24 -               μ—ν¬ν¬ 5/5 μ§„ν–‰ μ¤‘...
2026-02-14 20:58:24 -              π§  ν•™μµ μ™„λ£ (Samples: 6575)
2026-02-14 20:58:24 -    β… SAT_204 ν•™μµ μ™„λ£ (LR: 0.0100, v0.2)
2026-02-14 20:58:24 - 
π“΅ [02-14 12:36] SAT_196 : μ§€μƒκµ­ μ ‘μ†
2026-02-14 20:58:24 -    π“¥ SAT_196: λ―Έν•™μµ β†’ v1.0 λ‹¤μ΄λ΅λ“
2026-02-14 20:58:24 - 
π“΅ [02-14 12:36] SAT_235 : IoT ν•™μµ (Abisko Tundra)
2026-02-14 20:58:24 - β… [Train] λ°°μΉ κ°μ: 7
2026-02-14 20:58:24 -               μ—ν¬ν¬ 1/5 μ§„ν–‰ μ¤‘...
2026-02-14 20:58:24 -               μ—ν¬ν¬ 2/5 μ§„ν–‰ μ¤‘...
2026-02-14 20:58:25 -               μ—ν¬ν¬ 3/5 μ§„ν–‰ μ¤‘...
2026-02-14 20:58:25 -               μ—ν¬ν¬ 4/5 μ§„ν–‰ μ¤‘...
2026-02-14 20:58:25 -               μ—ν¬ν¬ 5/5 μ§„ν–‰ μ¤‘...
2026-02-14 20:58:25 -              π§  ν•™μµ μ™„λ£ (Samples: 4025)
2026-02-14 20:58:25 -    β… SAT_235 ν•™μµ μ™„λ£ (LR: 0.0100, v0.1)
2026-02-14 20:58:25 - 
π“΅ [02-14 12:36] SAT_221 : IoT ν•™μµ (Abisko Tundra)
2026-02-14 20:58:25 - β… [Train] λ°°μΉ κ°μ: 5
2026-02-14 20:58:25 -               μ—ν¬ν¬ 1/5 μ§„ν–‰ μ¤‘...
2026-02-14 20:58:25 -               μ—ν¬ν¬ 2/5 μ§„ν–‰ μ¤‘...
2026-02-14 20:58:26 -               μ—ν¬ν¬ 3/5 μ§„ν–‰ μ¤‘...
2026-02-14 20:58:26 -               μ—ν¬ν¬ 4/5 μ§„ν–‰ μ¤‘...
2026-02-14 20:58:26 -               μ—ν¬ν¬ 5/5 μ§„ν–‰ μ¤‘...
2026-02-14 20:58:26 -              π§  ν•™μµ μ™„λ£ (Samples: 2580)
2026-02-14 20:58:26 -    β… SAT_221 ν•™μµ μ™„λ£ (LR: 0.0100, v0.1)
2026-02-14 20:58:26 - 
π“΅ [02-14 12:37] SAT_180 : IoT ν•™μµ (Abisko Tundra)
2026-02-14 20:58:26 - β… [Train] λ°°μΉ κ°μ: 7
2026-02-14 20:58:26 -               μ—ν¬ν¬ 1/5 μ§„ν–‰ μ¤‘...
2026-02-14 20:58:27 -               μ—ν¬ν¬ 2/5 μ§„ν–‰ μ¤‘...
2026-02-14 20:58:27 -               μ—ν¬ν¬ 3/5 μ§„ν–‰ μ¤‘...
2026-02-14 20:58:27 -               μ—ν¬ν¬ 4/5 μ§„ν–‰ μ¤‘...
2026-02-14 20:58:27 -               μ—ν¬ν¬ 5/5 μ§„ν–‰ μ¤‘...
2026-02-14 20:58:28 -              π§  ν•™μµ μ™„λ£ (Samples: 4010)
2026-02-14 20:58:28 -    β… SAT_180 ν•™μµ μ™„λ£ (LR: 0.0100, v0.1)
2026-02-14 20:58:28 - 
π“΅ [02-14 12:37] SAT_237 : μ§€μƒκµ­ μ ‘μ†
2026-02-14 20:58:28 -    π“¥ SAT_237: λ―Έν•™μµ β†’ v1.0 λ‹¤μ΄λ΅λ“
2026-02-14 20:58:28 - 
π“΅ [02-14 12:37] SAT_223 : μ§€μƒκµ­ μ ‘μ†
2026-02-14 20:58:28 -    π“¥ SAT_223: λ―Έν•™μµ β†’ v1.0 λ‹¤μ΄λ΅λ“
2026-02-14 20:58:28 - 
π“΅ [02-14 12:39] SAT_207 : IoT ν•™μµ (Abisko Tundra)
2026-02-14 20:58:28 - β… [Train] λ°°μΉ κ°μ: 8
2026-02-14 20:58:28 -               μ—ν¬ν¬ 1/5 μ§„ν–‰ μ¤‘...
2026-02-14 20:58:28 -               μ—ν¬ν¬ 2/5 μ§„ν–‰ μ¤‘...
2026-02-14 20:58:28 -               μ—ν¬ν¬ 3/5 μ§„ν–‰ μ¤‘...
2026-02-14 20:58:28 -               μ—ν¬ν¬ 4/5 μ§„ν–‰ μ¤‘...
2026-02-14 20:58:29 -               μ—ν¬ν¬ 5/5 μ§„ν–‰ μ¤‘...
2026-02-14 20:58:29 -              π§  ν•™μµ μ™„λ£ (Samples: 4610)
2026-02-14 20:58:29 -    β… SAT_207 ν•™μµ μ™„λ£ (LR: 0.0100, v0.1)
2026-02-14 20:58:29 - 
π“΅ [02-14 12:39] SAT_166 : IoT ν•™μµ (Abisko Tundra)
2026-02-14 20:58:29 - β… [Train] λ°°μΉ κ°μ: 10
2026-02-14 20:58:29 -               μ—ν¬ν¬ 1/5 μ§„ν–‰ μ¤‘...
2026-02-14 20:58:29 -               μ—ν¬ν¬ 2/5 μ§„ν–‰ μ¤‘...
2026-02-14 20:58:29 -               μ—ν¬ν¬ 3/5 μ§„ν–‰ μ¤‘...
2026-02-14 20:58:30 -               μ—ν¬ν¬ 4/5 μ§„ν–‰ μ¤‘...
2026-02-14 20:58:30 -               μ—ν¬ν¬ 5/5 μ§„ν–‰ μ¤‘...
2026-02-14 20:58:30 -              π§  ν•™μµ μ™„λ£ (Samples: 6285)
2026-02-14 20:58:30 -    β… SAT_166 ν•™μµ μ™„λ£ (LR: 0.0100, v0.1)
2026-02-14 20:58:30 - 
π“΅ [02-14 12:40] SAT_66 : μ§€μƒκµ­ μ ‘μ†
2026-02-14 20:58:30 -    π“¥ SAT_66: λ―Έν•™μµ β†’ v1.0 λ‹¤μ΄λ΅λ“
2026-02-14 20:58:30 - 
π“΅ [02-14 12:41] SAT_105 : IoT ν•™μµ (Great_Barrier_Reef)
2026-02-14 20:58:30 - β… [Train] λ°°μΉ κ°μ: 4
2026-02-14 20:58:30 -               μ—ν¬ν¬ 1/5 μ§„ν–‰ μ¤‘...
2026-02-14 20:58:30 -               μ—ν¬ν¬ 2/5 μ§„ν–‰ μ¤‘...
2026-02-14 20:58:31 -               μ—ν¬ν¬ 3/5 μ§„ν–‰ μ¤‘...
2026-02-14 20:58:31 -               μ—ν¬ν¬ 4/5 μ§„ν–‰ μ¤‘...
2026-02-14 20:58:31 -               μ—ν¬ν¬ 5/5 μ§„ν–‰ μ¤‘...
2026-02-14 20:58:31 -              π§  ν•™μµ μ™„λ£ (Samples: 2500)
2026-02-14 20:58:31 -    β… SAT_105 ν•™μµ μ™„λ£ (LR: 0.0100, v0.1)
2026-02-14 20:58:31 - 
π“΅ [02-14 12:41] SAT_193 : IoT ν•™μµ (Abisko Tundra)
2026-02-14 20:58:31 - β… [Train] λ°°μΉ κ°μ: 9
2026-02-14 20:58:31 -               μ—ν¬ν¬ 1/5 μ§„ν–‰ μ¤‘...
2026-02-14 20:58:32 -               μ—ν¬ν¬ 2/5 μ§„ν–‰ μ¤‘...
2026-02-14 20:58:32 -               μ—ν¬ν¬ 3/5 μ§„ν–‰ μ¤‘...
2026-02-14 20:58:32 -               μ—ν¬ν¬ 4/5 μ§„ν–‰ μ¤‘...
2026-02-14 20:58:32 -               μ—ν¬ν¬ 5/5 μ§„ν–‰ μ¤‘...
2026-02-14 20:58:33 -              π§  ν•™μµ μ™„λ£ (Samples: 5685)
2026-02-14 20:58:33 -    β… SAT_193 ν•™μµ μ™„λ£ (LR: 0.0100, v0.1)
2026-02-14 20:58:33 - 
π“΅ [02-14 12:41] SAT_211 : IoT ν•™μµ (Great_Barrier_Reef)
2026-02-14 20:58:33 - β… [Train] λ°°μΉ κ°μ: 5
2026-02-14 20:58:33 -               μ—ν¬ν¬ 1/5 μ§„ν–‰ μ¤‘...
2026-02-14 20:58:33 -               μ—ν¬ν¬ 2/5 μ§„ν–‰ μ¤‘...
2026-02-14 20:58:33 -               μ—ν¬ν¬ 3/5 μ§„ν–‰ μ¤‘...
2026-02-14 20:58:33 -               μ—ν¬ν¬ 4/5 μ§„ν–‰ μ¤‘...
2026-02-14 20:58:34 -               μ—ν¬ν¬ 5/5 μ§„ν–‰ μ¤‘...
2026-02-14 20:58:34 -              π§  ν•™μµ μ™„λ£ (Samples: 2955)
2026-02-14 20:58:34 -    β… SAT_211 ν•™μµ μ™„λ£ (LR: 0.0100, v1.1)
2026-02-14 20:58:34 - 
π“΅ [02-14 12:42] SAT_79 : μ§€μƒκµ­ μ ‘μ†
2026-02-14 20:58:34 -    π“¥ SAT_79: λ―Έν•™μµ β†’ v1.0 λ‹¤μ΄λ΅λ“
2026-02-14 20:58:34 - 
π“΅ [02-14 12:42] SAT_71 : IoT ν•™μµ (Amazon_Forest)
2026-02-14 20:58:34 - β… [Train] λ°°μΉ κ°μ: 5
2026-02-14 20:58:34 -               μ—ν¬ν¬ 1/5 μ§„ν–‰ μ¤‘...
2026-02-14 20:58:34 -               μ—ν¬ν¬ 2/5 μ§„ν–‰ μ¤‘...
2026-02-14 20:58:34 -               μ—ν¬ν¬ 3/5 μ§„ν–‰ μ¤‘...
2026-02-14 20:58:35 -               μ—ν¬ν¬ 4/5 μ§„ν–‰ μ¤‘...
2026-02-14 20:58:35 -               μ—ν¬ν¬ 5/5 μ§„ν–‰ μ¤‘...
2026-02-14 20:58:35 -              π§  ν•™μµ μ™„λ£ (Samples: 2580)
2026-02-14 20:58:35 -    β… SAT_71 ν•™μµ μ™„λ£ (LR: 0.0100, v0.1)
2026-02-14 20:58:35 - 
π“΅ [02-14 12:42] SAT_203 : IoT ν•™μµ (Amazon_Forest)
2026-02-14 20:58:35 - β… [Train] λ°°μΉ κ°μ: 6
2026-02-14 20:58:35 -               μ—ν¬ν¬ 1/5 μ§„ν–‰ μ¤‘...
2026-02-14 20:58:35 -               μ—ν¬ν¬ 2/5 μ§„ν–‰ μ¤‘...
2026-02-14 20:58:36 -               μ—ν¬ν¬ 3/5 μ§„ν–‰ μ¤‘...
2026-02-14 20:58:36 -               μ—ν¬ν¬ 4/5 μ§„ν–‰ μ¤‘...
2026-02-14 20:58:36 -               μ—ν¬ν¬ 5/5 μ§„ν–‰ μ¤‘...
2026-02-14 20:58:36 -              π§  ν•™μµ μ™„λ£ (Samples: 3605)
2026-02-14 20:58:36 -    β… SAT_203 ν•™μµ μ™„λ£ (LR: 0.0100, v0.1)
2026-02-14 20:58:36 - 
π“΅ [02-14 12:42] SAT_234 : IoT ν•™μµ (Abisko Tundra)
2026-02-14 20:58:36 - β… [Train] λ°°μΉ κ°μ: 10
2026-02-14 20:58:36 -               μ—ν¬ν¬ 1/5 μ§„ν–‰ μ¤‘...
2026-02-14 20:58:36 -               μ—ν¬ν¬ 2/5 μ§„ν–‰ μ¤‘...
2026-02-14 20:58:37 -               μ—ν¬ν¬ 3/5 μ§„ν–‰ μ¤‘...
2026-02-14 20:58:37 -               μ—ν¬ν¬ 4/5 μ§„ν–‰ μ¤‘...
2026-02-14 20:58:37 -               μ—ν¬ν¬ 5/5 μ§„ν–‰ μ¤‘...
2026-02-14 20:58:37 -              π§  ν•™μµ μ™„λ£ (Samples: 6055)
2026-02-14 20:58:37 -    β… SAT_234 ν•™μµ μ™„λ£ (LR: 0.0100, v0.1)
2026-02-14 20:58:37 - 
π“΅ [02-14 12:43] SAT_236 : μ§€μƒκµ­ μ ‘μ†
2026-02-14 20:58:37 -    π“¥ SAT_236: λ―Έν•™μµ β†’ v1.0 λ‹¤μ΄λ΅λ“
2026-02-14 20:58:37 - 
π“΅ [02-14 12:43] SAT_220 : IoT ν•™μµ (Abisko Tundra)
2026-02-14 20:58:37 - β… [Train] λ°°μΉ κ°μ: 10
2026-02-14 20:58:37 -               μ—ν¬ν¬ 1/5 μ§„ν–‰ μ¤‘...
2026-02-14 20:58:38 -               μ—ν¬ν¬ 2/5 μ§„ν–‰ μ¤‘...
2026-02-14 20:58:38 -               μ—ν¬ν¬ 3/5 μ§„ν–‰ μ¤‘...
2026-02-14 20:58:38 -               μ—ν¬ν¬ 4/5 μ§„ν–‰ μ¤‘...
2026-02-14 20:58:38 -               μ—ν¬ν¬ 5/5 μ§„ν–‰ μ¤‘...
2026-02-14 20:58:39 -              π§  ν•™μµ μ™„λ£ (Samples: 6140)
2026-02-14 20:58:39 -    β… SAT_220 ν•™μµ μ™„λ£ (LR: 0.0100, v0.1)
2026-02-14 20:58:39 - 
π“΅ [02-14 12:44] SAT_179 : IoT ν•™μµ (Abisko Tundra)
2026-02-14 20:58:39 - β… [Train] λ°°μΉ κ°μ: 12
2026-02-14 20:58:39 -               μ—ν¬ν¬ 1/5 μ§„ν–‰ μ¤‘...
2026-02-14 20:58:39 -               μ—ν¬ν¬ 2/5 μ§„ν–‰ μ¤‘...
2026-02-14 20:58:39 -               μ—ν¬ν¬ 3/5 μ§„ν–‰ μ¤‘...
2026-02-14 20:58:39 -               μ—ν¬ν¬ 4/5 μ§„ν–‰ μ¤‘...
2026-02-14 20:58:40 -               μ—ν¬ν¬ 5/5 μ§„ν–‰ μ¤‘...
2026-02-14 20:58:40 -              π§  ν•™μµ μ™„λ£ (Samples: 7645)
2026-02-14 20:58:40 -    β… SAT_179 ν•™μµ μ™„λ£ (LR: 0.0100, v0.1)
2026-02-14 20:58:40 - 
π“΅ [02-14 12:44] SAT_222 : μ§€μƒκµ­ μ ‘μ†
2026-02-14 20:58:40 -    π“¥ SAT_222: λ―Έν•™μµ β†’ v1.0 λ‹¤μ΄λ΅λ“
2026-02-14 20:58:40 - 
π“΅ [02-14 12:44] SAT_93 : μ§€μƒκµ­ μ ‘μ†
2026-02-14 20:58:40 -    π“¥ SAT_93: λ―Έν•™μµ β†’ v1.0 λ‹¤μ΄λ΅λ“
2026-02-14 20:58:40 - 
π“΅ [02-14 12:46] SAT_206 : IoT ν•™μµ (Abisko Tundra)
2026-02-14 20:58:40 - β… [Train] λ°°μΉ κ°μ: 16
2026-02-14 20:58:40 -               μ—ν¬ν¬ 1/5 μ§„ν–‰ μ¤‘...
2026-02-14 20:58:40 -               μ—ν¬ν¬ 2/5 μ§„ν–‰ μ¤‘...
2026-02-14 20:58:40 -               μ—ν¬ν¬ 3/5 μ§„ν–‰ μ¤‘...
2026-02-14 20:58:41 -               μ—ν¬ν¬ 4/5 μ§„ν–‰ μ¤‘...
2026-02-14 20:58:41 -               μ—ν¬ν¬ 5/5 μ§„ν–‰ μ¤‘...
2026-02-14 20:58:41 -              π§  ν•™μµ μ™„λ£ (Samples: 9760)
2026-02-14 20:58:41 -    β… SAT_206 ν•™μµ μ™„λ£ (LR: 0.0100, v0.2)
2026-02-14 20:58:41 - 
π“΅ [02-14 12:47] SAT_165 : IoT ν•™μµ (Abisko Tundra)
2026-02-14 20:58:41 - β… [Train] λ°°μΉ κ°μ: 8
2026-02-14 20:58:41 -               μ—ν¬ν¬ 1/5 μ§„ν–‰ μ¤‘...
2026-02-14 20:58:41 -               μ—ν¬ν¬ 2/5 μ§„ν–‰ μ¤‘...
2026-02-14 20:58:41 -               μ—ν¬ν¬ 3/5 μ§„ν–‰ μ¤‘...
2026-02-14 20:58:42 -               μ—ν¬ν¬ 4/5 μ§„ν–‰ μ¤‘...
2026-02-14 20:58:42 -               μ—ν¬ν¬ 5/5 μ§„ν–‰ μ¤‘...
2026-02-14 20:58:42 -              π§  ν•™μµ μ™„λ£ (Samples: 4610)
2026-02-14 20:58:42 -    β… SAT_165 ν•™μµ μ™„λ£ (LR: 0.0100, v0.1)
2026-02-14 20:58:42 - 
π“΅ [02-14 12:48] SAT_210 : IoT ν•™μµ (Great_Barrier_Reef)
2026-02-14 20:58:42 - β… [Train] λ°°μΉ κ°μ: 8
2026-02-14 20:58:42 -               μ—ν¬ν¬ 1/5 μ§„ν–‰ μ¤‘...
2026-02-14 20:58:42 -               μ—ν¬ν¬ 2/5 μ§„ν–‰ μ¤‘...
2026-02-14 20:58:43 -               μ—ν¬ν¬ 3/5 μ§„ν–‰ μ¤‘...
2026-02-14 20:58:43 -               μ—ν¬ν¬ 4/5 μ§„ν–‰ μ¤‘...
2026-02-14 20:58:43 -               μ—ν¬ν¬ 5/5 μ§„ν–‰ μ¤‘...
2026-02-14 20:58:43 -              π§  ν•™μµ μ™„λ£ (Samples: 5025)
2026-02-14 20:58:43 -    β… SAT_210 ν•™μµ μ™„λ£ (LR: 0.0100, v1.1)
2026-02-14 20:58:43 - 
π“΅ [02-14 12:48] SAT_192 : IoT ν•™μµ (Abisko Tundra)
2026-02-14 20:58:43 - β… [Train] λ°°μΉ κ°μ: 6
2026-02-14 20:58:43 -               μ—ν¬ν¬ 1/5 μ§„ν–‰ μ¤‘...
2026-02-14 20:58:43 -               μ—ν¬ν¬ 2/5 μ§„ν–‰ μ¤‘...
2026-02-14 20:58:44 -               μ—ν¬ν¬ 3/5 μ§„ν–‰ μ¤‘...
2026-02-14 20:58:44 -               μ—ν¬ν¬ 4/5 μ§„ν–‰ μ¤‘...
2026-02-14 20:58:44 -               μ—ν¬ν¬ 5/5 μ§„ν–‰ μ¤‘...
2026-02-14 20:58:44 -              π§  ν•™μµ μ™„λ£ (Samples: 3335)
2026-02-14 20:58:44 -    β… SAT_192 ν•™μµ μ™„λ£ (LR: 0.0100, v0.1)
2026-02-14 20:58:44 - 
π“΅ [02-14 12:48] SAT_104 : IoT ν•™μµ (Great_Barrier_Reef)
2026-02-14 20:58:44 - β… [Train] λ°°μΉ κ°μ: 11
2026-02-14 20:58:44 -               μ—ν¬ν¬ 1/5 μ§„ν–‰ μ¤‘...
2026-02-14 20:58:45 -               μ—ν¬ν¬ 2/5 μ§„ν–‰ μ¤‘...
2026-02-14 20:58:45 -               μ—ν¬ν¬ 3/5 μ§„ν–‰ μ¤‘...
2026-02-14 20:58:45 -               μ—ν¬ν¬ 4/5 μ§„ν–‰ μ¤‘...
2026-02-14 20:58:45 -               μ—ν¬ν¬ 5/5 μ§„ν–‰ μ¤‘...
2026-02-14 20:58:45 -              π§  ν•™μµ μ™„λ£ (Samples: 6575)
2026-02-14 20:58:45 -    β… SAT_104 ν•™μµ μ™„λ£ (LR: 0.0100, v0.1)
2026-02-14 20:58:45 - 
π“΅ [02-14 12:49] SAT_78 : μ§€μƒκµ­ μ ‘μ†
2026-02-14 20:58:45 -    π“¥ SAT_78: λ―Έν•™μµ β†’ v1.0 λ‹¤μ΄λ΅λ“
2026-02-14 20:58:45 - 
π“΅ [02-14 12:49] SAT_233 : IoT ν•™μµ (Abisko Tundra)
2026-02-14 20:58:45 - β… [Train] λ°°μΉ κ°μ: 7
2026-02-14 20:58:45 -               μ—ν¬ν¬ 1/5 μ§„ν–‰ μ¤‘...
2026-02-14 20:58:46 -               μ—ν¬ν¬ 2/5 μ§„ν–‰ μ¤‘...
2026-02-14 20:58:46 -               μ—ν¬ν¬ 3/5 μ§„ν–‰ μ¤‘...
2026-02-14 20:58:46 -               μ—ν¬ν¬ 4/5 μ§„ν–‰ μ¤‘...
2026-02-14 20:58:46 -               μ—ν¬ν¬ 5/5 μ§„ν–‰ μ¤‘...
2026-02-14 20:58:47 -              π§  ν•™μµ μ™„λ£ (Samples: 4360)
2026-02-14 20:58:47 -    β… SAT_233 ν•™μµ μ™„λ£ (LR: 0.0100, v0.1)
2026-02-14 20:58:47 - 
π“΅ [02-14 12:49] SAT_202 : IoT ν•™μµ (Amazon_Forest)
2026-02-14 20:58:47 - β… [Train] λ°°μΉ κ°μ: 12
2026-02-14 20:58:47 -               μ—ν¬ν¬ 1/5 μ§„ν–‰ μ¤‘...
2026-02-14 20:58:47 -               μ—ν¬ν¬ 2/5 μ§„ν–‰ μ¤‘...
2026-02-14 20:58:47 -               μ—ν¬ν¬ 3/5 μ§„ν–‰ μ¤‘...
2026-02-14 20:58:47 -               μ—ν¬ν¬ 4/5 μ§„ν–‰ μ¤‘...
2026-02-14 20:58:48 -               μ—ν¬ν¬ 5/5 μ§„ν–‰ μ¤‘...
2026-02-14 20:58:48 -              π§  ν•™μµ μ™„λ£ (Samples: 7675)
2026-02-14 20:58:48 -    β… SAT_202 ν•™μµ μ™„λ£ (LR: 0.0100, v0.1)
2026-02-14 20:58:48 - 
π“΅ [02-14 12:50] SAT_92 : μ§€μƒκµ­ μ ‘μ†
2026-02-14 20:58:48 -    π“¥ SAT_92: λ―Έν•™μµ β†’ v1.0 λ‹¤μ΄λ΅λ“
2026-02-14 20:58:48 - 
π“΅ [02-14 12:50] SAT_235 : μ§€μƒκµ­ μ ‘μ†
2026-02-14 20:58:48 -    π“¥ SAT_235: λ―Έν•™μµ β†’ v1.0 λ‹¤μ΄λ΅λ“
2026-02-14 20:58:48 - 
π“΅ [02-14 12:50] SAT_219 : IoT ν•™μµ (Abisko Tundra)
2026-02-14 20:58:48 - β… [Train] λ°°μΉ κ°μ: 4
2026-02-14 20:58:48 -               μ—ν¬ν¬ 1/5 μ§„ν–‰ μ¤‘...
2026-02-14 20:58:48 -               μ—ν¬ν¬ 2/5 μ§„ν–‰ μ¤‘...
2026-02-14 20:58:48 -               μ—ν¬ν¬ 3/5 μ§„ν–‰ μ¤‘...
2026-02-14 20:58:48 -               μ—ν¬ν¬ 4/5 μ§„ν–‰ μ¤‘...
2026-02-14 20:58:49 -               μ—ν¬ν¬ 5/5 μ§„ν–‰ μ¤‘...
2026-02-14 20:58:49 -              π§  ν•™μµ μ™„λ£ (Samples: 2550)
2026-02-14 20:58:49 -    β… SAT_219 ν•™μµ μ™„λ£ (LR: 0.0100, v0.1)
2026-02-14 20:58:49 - 
π“΅ [02-14 12:51] SAT_178 : IoT ν•™μµ (Abisko Tundra)
2026-02-14 20:58:49 - β… [Train] λ°°μΉ κ°μ: 9
2026-02-14 20:58:49 -               μ—ν¬ν¬ 1/5 μ§„ν–‰ μ¤‘...
2026-02-14 20:58:49 -               μ—ν¬ν¬ 2/5 μ§„ν–‰ μ¤‘...
2026-02-14 20:58:49 -               μ—ν¬ν¬ 3/5 μ§„ν–‰ μ¤‘...
2026-02-14 20:58:50 -               μ—ν¬ν¬ 4/5 μ§„ν–‰ μ¤‘...
2026-02-14 20:58:50 -               μ—ν¬ν¬ 5/5 μ§„ν–‰ μ¤‘...
2026-02-14 20:58:50 -              π§  ν•™μµ μ™„λ£ (Samples: 5445)
2026-02-14 20:58:50 -    β… SAT_178 ν•™μµ μ™„λ£ (LR: 0.0100, v0.1)
2026-02-14 20:58:50 - 
π“΅ [02-14 12:51] SAT_221 : μ§€μƒκµ­ μ ‘μ†
2026-02-14 20:58:50 -    π“¥ SAT_221: λ―Έν•™μµ β†’ v1.0 λ‹¤μ΄λ΅λ“
2026-02-14 20:58:50 - 
π“΅ [02-14 12:51] SAT_10 : IoT ν•™μµ (Abisko Tundra)
2026-02-14 20:58:50 - β… [Train] λ°°μΉ κ°μ: 8
2026-02-14 20:58:50 -               μ—ν¬ν¬ 1/5 μ§„ν–‰ μ¤‘...
2026-02-14 20:58:50 -               μ—ν¬ν¬ 2/5 μ§„ν–‰ μ¤‘...
2026-02-14 20:58:51 -               μ—ν¬ν¬ 3/5 μ§„ν–‰ μ¤‘...
2026-02-14 20:58:51 -               μ—ν¬ν¬ 4/5 μ§„ν–‰ μ¤‘...
2026-02-14 20:58:51 -               μ—ν¬ν¬ 5/5 μ§„ν–‰ μ¤‘...
2026-02-14 20:58:51 -              π§  ν•™μµ μ™„λ£ (Samples: 5025)
2026-02-14 20:58:51 -    β… SAT_10 ν•™μµ μ™„λ£ (LR: 0.0100, v0.1)
2026-02-14 20:58:51 - 
π“΅ [02-14 12:53] SAT_205 : IoT ν•™μµ (Abisko Tundra)
2026-02-14 20:58:51 - β… [Train] λ°°μΉ κ°μ: 4
2026-02-14 20:58:51 -               μ—ν¬ν¬ 1/5 μ§„ν–‰ μ¤‘...
2026-02-14 20:58:51 -               μ—ν¬ν¬ 2/5 μ§„ν–‰ μ¤‘...
2026-02-14 20:58:52 -               μ—ν¬ν¬ 3/5 μ§„ν–‰ μ¤‘...
2026-02-14 20:58:52 -               μ—ν¬ν¬ 4/5 μ§„ν–‰ μ¤‘...
2026-02-14 20:58:52 -               μ—ν¬ν¬ 5/5 μ§„ν–‰ μ¤‘...
2026-02-14 20:58:52 -              π§  ν•™μµ μ™„λ£ (Samples: 2500)
2026-02-14 20:58:52 -    β… SAT_205 ν•™μµ μ™„λ£ (LR: 0.0100, v0.2)
2026-02-14 20:58:52 - 
π“΅ [02-14 12:54] SAT_164 : IoT ν•™μµ (Abisko Tundra)
2026-02-14 20:58:52 - β… [Train] λ°°μΉ κ°μ: 15
2026-02-14 20:58:52 -               μ—ν¬ν¬ 1/5 μ§„ν–‰ μ¤‘...
2026-02-14 20:58:52 -               μ—ν¬ν¬ 2/5 μ§„ν–‰ μ¤‘...
2026-02-14 20:58:53 -               μ—ν¬ν¬ 3/5 μ§„ν–‰ μ¤‘...
2026-02-14 20:58:53 -               μ—ν¬ν¬ 4/5 μ§„ν–‰ μ¤‘...
2026-02-14 20:58:53 -               μ—ν¬ν¬ 5/5 μ§„ν–‰ μ¤‘...
2026-02-14 20:58:54 -              π§  ν•™μµ μ™„λ£ (Samples: 9240)
2026-02-14 20:58:54 -    β… SAT_164 ν•™μµ μ™„λ£ (LR: 0.0100, v0.1)
2026-02-14 20:58:54 - 
π“΅ [02-14 12:55] SAT_191 : IoT ν•™μµ (Abisko Tundra)
2026-02-14 20:58:54 - β… [Train] λ°°μΉ κ°μ: 4
2026-02-14 20:58:54 -               μ—ν¬ν¬ 1/5 μ§„ν–‰ μ¤‘...
2026-02-14 20:58:54 -               μ—ν¬ν¬ 2/5 μ§„ν–‰ μ¤‘...
2026-02-14 20:58:54 -               μ—ν¬ν¬ 3/5 μ§„ν–‰ μ¤‘...
2026-02-14 20:58:54 -               μ—ν¬ν¬ 4/5 μ§„ν–‰ μ¤‘...
2026-02-14 20:58:54 -               μ—ν¬ν¬ 5/5 μ§„ν–‰ μ¤‘...
2026-02-14 20:58:55 -              π§  ν•™μµ μ™„λ£ (Samples: 2160)
2026-02-14 20:58:55 -    β… SAT_191 ν•™μµ μ™„λ£ (LR: 0.0100, v0.1)
2026-02-14 20:58:55 - 
π“΅ [02-14 12:55] SAT_223 : IoT ν•™μµ (Great_Barrier_Reef)
2026-02-14 20:58:55 - β… [Train] λ°°μΉ κ°μ: 8
2026-02-14 20:58:55 -               μ—ν¬ν¬ 1/5 μ§„ν–‰ μ¤‘...
2026-02-14 20:58:55 -               μ—ν¬ν¬ 2/5 μ§„ν–‰ μ¤‘...
2026-02-14 20:58:55 -               μ—ν¬ν¬ 3/5 μ§„ν–‰ μ¤‘...
2026-02-14 20:58:55 -               μ—ν¬ν¬ 4/5 μ§„ν–‰ μ¤‘...
2026-02-14 20:58:55 -               μ—ν¬ν¬ 5/5 μ§„ν–‰ μ¤‘...
2026-02-14 20:58:56 -              π§  ν•™μµ μ™„λ£ (Samples: 5100)
2026-02-14 20:58:56 -    β… SAT_223 ν•™μµ μ™„λ£ (LR: 0.0100, v1.1)
2026-02-14 20:58:56 - 
π“΅ [02-14 12:56] SAT_103 : IoT ν•™μµ (Great_Barrier_Reef)
2026-02-14 20:58:56 - β… [Train] λ°°μΉ κ°μ: 6
2026-02-14 20:58:56 -               μ—ν¬ν¬ 1/5 μ§„ν–‰ μ¤‘...
2026-02-14 20:58:56 -               μ—ν¬ν¬ 2/5 μ§„ν–‰ μ¤‘...
2026-02-14 20:58:56 -               μ—ν¬ν¬ 3/5 μ§„ν–‰ μ¤‘...
2026-02-14 20:58:56 -               μ—ν¬ν¬ 4/5 μ§„ν–‰ μ¤‘...
2026-02-14 20:58:57 -               μ—ν¬ν¬ 5/5 μ§„ν–‰ μ¤‘...
2026-02-14 20:58:57 -              π§  ν•™μµ μ™„λ£ (Samples: 3605)
2026-02-14 20:58:57 -    β… SAT_103 ν•™μµ μ™„λ£ (LR: 0.0100, v0.1)
2026-02-14 20:58:57 - 
π“΅ [02-14 12:56] SAT_91 : μ§€μƒκµ­ μ ‘μ†
2026-02-14 20:58:57 -    π“¥ SAT_91: λ―Έν•™μµ β†’ v1.0 λ‹¤μ΄λ΅λ“
2026-02-14 20:58:57 - 
π“΅ [02-14 12:56] SAT_232 : IoT ν•™μµ (Abisko Tundra)
2026-02-14 20:58:57 - β… [Train] λ°°μΉ κ°μ: 10
2026-02-14 20:58:57 -               μ—ν¬ν¬ 1/5 μ§„ν–‰ μ¤‘...
2026-02-14 20:58:57 -               μ—ν¬ν¬ 2/5 μ§„ν–‰ μ¤‘...
2026-02-14 20:58:57 -               μ—ν¬ν¬ 3/5 μ§„ν–‰ μ¤‘...
2026-02-14 20:58:57 -               μ—ν¬ν¬ 4/5 μ§„ν–‰ μ¤‘...
2026-02-14 20:58:58 -               μ—ν¬ν¬ 5/5 μ§„ν–‰ μ¤‘...
2026-02-14 20:58:58 -              π§  ν•™μµ μ™„λ£ (Samples: 6170)
2026-02-14 20:58:58 -    β… SAT_232 ν•™μµ μ™„λ£ (LR: 0.0100, v0.1)
2026-02-14 20:58:58 - 
π“΅ [02-14 12:56] SAT_77 : μ§€μƒκµ­ μ ‘μ†
2026-02-14 20:58:58 -    π“¥ SAT_77: λ―Έν•™μµ β†’ v1.0 λ‹¤μ΄λ΅λ“
2026-02-14 20:58:58 - 
π“΅ [02-14 12:56] SAT_201 : IoT ν•™μµ (Amazon_Forest)
2026-02-14 20:58:58 - β… [Train] λ°°μΉ κ°μ: 3
2026-02-14 20:58:58 -               μ—ν¬ν¬ 1/5 μ§„ν–‰ μ¤‘...
2026-02-14 20:58:58 -               μ—ν¬ν¬ 2/5 μ§„ν–‰ μ¤‘...
2026-02-14 20:58:58 -               μ—ν¬ν¬ 3/5 μ§„ν–‰ μ¤‘...
2026-02-14 20:58:59 -               μ—ν¬ν¬ 4/5 μ§„ν–‰ μ¤‘...
2026-02-14 20:58:59 -               μ—ν¬ν¬ 5/5 μ§„ν–‰ μ¤‘...
2026-02-14 20:58:59 -              π§  ν•™μµ μ™„λ£ (Samples: 1420)
2026-02-14 20:58:59 -    β… SAT_201 ν•™μµ μ™„λ£ (LR: 0.0100, v0.1)
2026-02-14 20:58:59 - 
π“΅ [02-14 12:57] SAT_234 : μ§€μƒκµ­ μ ‘μ†
2026-02-14 20:58:59 -    π“¥ SAT_234: λ―Έν•™μµ β†’ v1.0 λ‹¤μ΄λ΅λ“
2026-02-14 20:58:59 - 
π“΅ [02-14 12:57] SAT_218 : IoT ν•™μµ (Abisko Tundra)
2026-02-14 20:58:59 - β… [Train] λ°°μΉ κ°μ: 7
2026-02-14 20:58:59 -               μ—ν¬ν¬ 1/5 μ§„ν–‰ μ¤‘...
2026-02-14 20:58:59 -               μ—ν¬ν¬ 2/5 μ§„ν–‰ μ¤‘...
2026-02-14 20:58:59 -               μ—ν¬ν¬ 3/5 μ§„ν–‰ μ¤‘...
2026-02-14 20:59:00 -               μ—ν¬ν¬ 4/5 μ§„ν–‰ μ¤‘...
2026-02-14 20:59:00 -               μ—ν¬ν¬ 5/5 μ§„ν–‰ μ¤‘...
2026-02-14 20:59:00 -              π§  ν•™μµ μ™„λ£ (Samples: 3860)
2026-02-14 20:59:00 -    β… SAT_218 ν•™μµ μ™„λ£ (LR: 0.0100, v0.1)
2026-02-14 20:59:00 - 
π“΅ [02-14 12:58] SAT_177 : IoT ν•™μµ (Abisko Tundra)
2026-02-14 20:59:00 - β… [Train] λ°°μΉ κ°μ: 3
2026-02-14 20:59:00 -               μ—ν¬ν¬ 1/5 μ§„ν–‰ μ¤‘...
2026-02-14 20:59:00 -               μ—ν¬ν¬ 2/5 μ§„ν–‰ μ¤‘...
2026-02-14 20:59:00 -               μ—ν¬ν¬ 3/5 μ§„ν–‰ μ¤‘...
2026-02-14 20:59:01 -               μ—ν¬ν¬ 4/5 μ§„ν–‰ μ¤‘...
2026-02-14 20:59:01 -               μ—ν¬ν¬ 5/5 μ§„ν–‰ μ¤‘...
2026-02-14 20:59:01 -              π§  ν•™μµ μ™„λ£ (Samples: 1320)
2026-02-14 20:59:01 -    β… SAT_177 ν•™μµ μ™„λ£ (LR: 0.0100, v0.1)
2026-02-14 20:59:01 - 
π“΅ [02-14 12:58] SAT_9 : IoT ν•™μµ (Abisko Tundra)
2026-02-14 20:59:01 - β… [Train] λ°°μΉ κ°μ: 9
2026-02-14 20:59:01 -               μ—ν¬ν¬ 1/5 μ§„ν–‰ μ¤‘...
2026-02-14 20:59:01 -               μ—ν¬ν¬ 2/5 μ§„ν–‰ μ¤‘...
2026-02-14 20:59:01 -               μ—ν¬ν¬ 3/5 μ§„ν–‰ μ¤‘...
2026-02-14 20:59:02 -               μ—ν¬ν¬ 4/5 μ§„ν–‰ μ¤‘...
2026-02-14 20:59:02 -               μ—ν¬ν¬ 5/5 μ§„ν–‰ μ¤‘...
2026-02-14 20:59:02 -              π§  ν•™μµ μ™„λ£ (Samples: 5230)
2026-02-14 20:59:02 -    β… SAT_9 ν•™μµ μ™„λ£ (LR: 0.0100, v0.1)
2026-02-14 20:59:02 - 
π“΅ [02-14 12:58] SAT_220 : μ§€μƒκµ­ μ ‘μ†
2026-02-14 20:59:02 -    π“¥ SAT_220: λ―Έν•™μµ β†’ v1.0 λ‹¤μ΄λ΅λ“
2026-02-14 20:59:02 - 
π“΅ [02-14 13:00] SAT_204 : IoT ν•™μµ (Abisko Tundra)
2026-02-14 20:59:02 - β… [Train] λ°°μΉ κ°μ: 11
2026-02-14 20:59:02 -               μ—ν¬ν¬ 1/5 μ§„ν–‰ μ¤‘...
2026-02-14 20:59:02 -               μ—ν¬ν¬ 2/5 μ§„ν–‰ μ¤‘...
2026-02-14 20:59:03 -               μ—ν¬ν¬ 3/5 μ§„ν–‰ μ¤‘...
2026-02-14 20:59:03 -               μ—ν¬ν¬ 4/5 μ§„ν–‰ μ¤‘...
2026-02-14 20:59:03 -               μ—ν¬ν¬ 5/5 μ§„ν–‰ μ¤‘...
2026-02-14 20:59:03 -              π§  ν•™μµ μ™„λ£ (Samples: 6575)
2026-02-14 20:59:03 -    β… SAT_204 ν•™μµ μ™„λ£ (LR: 0.0100, v0.3)
2026-02-14 20:59:03 - 
π“΅ [02-14 13:01] SAT_163 : IoT ν•™μµ (Abisko Tundra)
2026-02-14 20:59:03 - β… [Train] λ°°μΉ κ°μ: 4
2026-02-14 20:59:03 -               μ—ν¬ν¬ 1/5 μ§„ν–‰ μ¤‘...
2026-02-14 20:59:03 -               μ—ν¬ν¬ 2/5 μ§„ν–‰ μ¤‘...
2026-02-14 20:59:04 -               μ—ν¬ν¬ 3/5 μ§„ν–‰ μ¤‘...
2026-02-14 20:59:04 -               μ—ν¬ν¬ 4/5 μ§„ν–‰ μ¤‘...
2026-02-14 20:59:04 -               μ—ν¬ν¬ 5/5 μ§„ν–‰ μ¤‘...
2026-02-14 20:59:04 -              π§  ν•™μµ μ™„λ£ (Samples: 2495)
2026-02-14 20:59:04 -    β… SAT_163 ν•™μµ μ™„λ£ (LR: 0.0100, v0.1)
2026-02-14 20:59:04 - 
π“΅ [02-14 13:02] SAT_190 : IoT ν•™μµ (Abisko Tundra)
2026-02-14 20:59:04 - β… [Train] λ°°μΉ κ°μ: 17
2026-02-14 20:59:04 -               μ—ν¬ν¬ 1/5 μ§„ν–‰ μ¤‘...
2026-02-14 20:59:05 -               μ—ν¬ν¬ 2/5 μ§„ν–‰ μ¤‘...
2026-02-14 20:59:05 -               μ—ν¬ν¬ 3/5 μ§„ν–‰ μ¤‘...
2026-02-14 20:59:05 -               μ—ν¬ν¬ 4/5 μ§„ν–‰ μ¤‘...
2026-02-14 20:59:05 -               μ—ν¬ν¬ 5/5 μ§„ν–‰ μ¤‘...
2026-02-14 20:59:06 -              π§  ν•™μµ μ™„λ£ (Samples: 10525)
2026-02-14 20:59:06 -    β… SAT_190 ν•™μµ μ™„λ£ (LR: 0.0100, v0.1)
2026-02-14 20:59:06 - 
π“΅ [02-14 13:02] SAT_90 : μ§€μƒκµ­ μ ‘μ†
2026-02-14 20:59:06 -    π“¥ SAT_90: λ―Έν•™μµ β†’ v1.0 λ‹¤μ΄λ΅λ“
2026-02-14 20:59:06 - 
π“΅ [02-14 13:02] SAT_222 : IoT ν•™μµ (Great_Barrier_Reef)
2026-02-14 20:59:06 - β… [Train] λ°°μΉ κ°μ: 4
2026-02-14 20:59:06 -               μ—ν¬ν¬ 1/5 μ§„ν–‰ μ¤‘...
2026-02-14 20:59:06 -               μ—ν¬ν¬ 2/5 μ§„ν–‰ μ¤‘...
2026-02-14 20:59:06 -               μ—ν¬ν¬ 3/5 μ§„ν–‰ μ¤‘...
2026-02-14 20:59:06 -               μ—ν¬ν¬ 4/5 μ§„ν–‰ μ¤‘...
2026-02-14 20:59:06 -               μ—ν¬ν¬ 5/5 μ§„ν–‰ μ¤‘...
2026-02-14 20:59:07 -              π§  ν•™μµ μ™„λ£ (Samples: 2285)
2026-02-14 20:59:07 -    β… SAT_222 ν•™μµ μ™„λ£ (LR: 0.0100, v1.1)
2026-02-14 20:59:07 - 
π“΅ [02-14 13:03] SAT_231 : IoT ν•™μµ (Abisko Tundra)
2026-02-14 20:59:07 - β… [Train] λ°°μΉ κ°μ: 10
2026-02-14 20:59:07 -               μ—ν¬ν¬ 1/5 μ§„ν–‰ μ¤‘...
2026-02-14 20:59:07 -               μ—ν¬ν¬ 2/5 μ§„ν–‰ μ¤‘...
2026-02-14 20:59:07 -               μ—ν¬ν¬ 3/5 μ§„ν–‰ μ¤‘...
2026-02-14 20:59:07 -               μ—ν¬ν¬ 4/5 μ§„ν–‰ μ¤‘...
2026-02-14 20:59:08 -               μ—ν¬ν¬ 5/5 μ§„ν–‰ μ¤‘...
2026-02-14 20:59:08 -              π§  ν•™μµ μ™„λ£ (Samples: 5850)
2026-02-14 20:59:08 -    β… SAT_231 ν•™μµ μ™„λ£ (LR: 0.0100, v0.1)
2026-02-14 20:59:08 - 
π“΅ [02-14 13:03] SAT_76 : μ§€μƒκµ­ μ ‘μ†
2026-02-14 20:59:08 -    π“¥ SAT_76: λ―Έν•™μµ β†’ v1.0 λ‹¤μ΄λ΅λ“
2026-02-14 20:59:08 - 
π“΅ [02-14 13:03] SAT_102 : IoT ν•™μµ (Great_Barrier_Reef)
2026-02-14 20:59:08 - β… [Train] λ°°μΉ κ°μ: 12
2026-02-14 20:59:08 -               μ—ν¬ν¬ 1/5 μ§„ν–‰ μ¤‘...
2026-02-14 20:59:08 -               μ—ν¬ν¬ 2/5 μ§„ν–‰ μ¤‘...
2026-02-14 20:59:08 -               μ—ν¬ν¬ 3/5 μ§„ν–‰ μ¤‘...
2026-02-14 20:59:08 -               μ—ν¬ν¬ 4/5 μ§„ν–‰ μ¤‘...
2026-02-14 20:59:09 -               μ—ν¬ν¬ 5/5 μ§„ν–‰ μ¤‘...
2026-02-14 20:59:09 -              π§  ν•™μµ μ™„λ£ (Samples: 7675)
2026-02-14 20:59:09 -    β… SAT_102 ν•™μµ μ™„λ£ (LR: 0.0100, v0.1)
2026-02-14 20:59:09 - 
π“΅ [02-14 13:03] SAT_200 : IoT ν•™μµ (Amazon_Forest)
2026-02-14 20:59:09 - β… [Train] λ°°μΉ κ°μ: 14
2026-02-14 20:59:09 -               μ—ν¬ν¬ 1/5 μ§„ν–‰ μ¤‘...
2026-02-14 20:59:09 -               μ—ν¬ν¬ 2/5 μ§„ν–‰ μ¤‘...
2026-02-14 20:59:09 -               μ—ν¬ν¬ 3/5 μ§„ν–‰ μ¤‘...
2026-02-14 20:59:10 -               μ—ν¬ν¬ 4/5 μ§„ν–‰ μ¤‘...
2026-02-14 20:59:10 -               μ—ν¬ν¬ 5/5 μ§„ν–‰ μ¤‘...
2026-02-14 20:59:10 -              π§  ν•™μµ μ™„λ£ (Samples: 8935)
2026-02-14 20:59:10 -    β… SAT_200 ν•™μµ μ™„λ£ (LR: 0.0100, v0.1)
2026-02-14 20:59:10 - 
π“΅ [02-14 13:03] SAT_233 : μ§€μƒκµ­ μ ‘μ†
2026-02-14 20:59:10 -    π“¥ SAT_233: λ―Έν•™μµ β†’ v1.0 λ‹¤μ΄λ΅λ“
2026-02-14 20:59:10 - 
π“΅ [02-14 13:04] SAT_217 : IoT ν•™μµ (Abisko Tundra)
2026-02-14 20:59:10 - β… [Train] λ°°μΉ κ°μ: 3
2026-02-14 20:59:10 -               μ—ν¬ν¬ 1/5 μ§„ν–‰ μ¤‘...
2026-02-14 20:59:10 -               μ—ν¬ν¬ 2/5 μ§„ν–‰ μ¤‘...
2026-02-14 20:59:11 -               μ—ν¬ν¬ 3/5 μ§„ν–‰ μ¤‘...
2026-02-14 20:59:11 -               μ—ν¬ν¬ 4/5 μ§„ν–‰ μ¤‘...
2026-02-14 20:59:11 -               μ—ν¬ν¬ 5/5 μ§„ν–‰ μ¤‘...
2026-02-14 20:59:11 -              π§  ν•™μµ μ™„λ£ (Samples: 1455)
2026-02-14 20:59:11 -    β… SAT_217 ν•™μµ μ™„λ£ (LR: 0.0100, v0.1)
2026-02-14 20:59:11 - 
π“΅ [02-14 13:05] SAT_8 : IoT ν•™μµ (Abisko Tundra)
2026-02-14 20:59:11 - β… [Train] λ°°μΉ κ°μ: 8
2026-02-14 20:59:11 -               μ—ν¬ν¬ 1/5 μ§„ν–‰ μ¤‘...
2026-02-14 20:59:11 -               μ—ν¬ν¬ 2/5 μ§„ν–‰ μ¤‘...
2026-02-14 20:59:12 -               μ—ν¬ν¬ 3/5 μ§„ν–‰ μ¤‘...
2026-02-14 20:59:12 -               μ—ν¬ν¬ 4/5 μ§„ν–‰ μ¤‘...
2026-02-14 20:59:12 -               μ—ν¬ν¬ 5/5 μ§„ν–‰ μ¤‘...
2026-02-14 20:59:12 -              π§  ν•™μµ μ™„λ£ (Samples: 5050)
2026-02-14 20:59:12 -    β… SAT_8 ν•™μµ μ™„λ£ (LR: 0.0100, v0.1)
2026-02-14 20:59:12 - 
π“΅ [02-14 13:05] SAT_176 : IoT ν•™μµ (Abisko Tundra)
2026-02-14 20:59:12 - β… [Train] λ°°μΉ κ°μ: 4
2026-02-14 20:59:12 -               μ—ν¬ν¬ 1/5 μ§„ν–‰ μ¤‘...
2026-02-14 20:59:13 -               μ—ν¬ν¬ 2/5 μ§„ν–‰ μ¤‘...
2026-02-14 20:59:13 -               μ—ν¬ν¬ 3/5 μ§„ν–‰ μ¤‘...
2026-02-14 20:59:13 -               μ—ν¬ν¬ 4/5 μ§„ν–‰ μ¤‘...
2026-02-14 20:59:13 -               μ—ν¬ν¬ 5/5 μ§„ν–‰ μ¤‘...
2026-02-14 20:59:13 -              π§  ν•™μµ μ™„λ£ (Samples: 2355)
2026-02-14 20:59:13 -    β… SAT_176 ν•™μµ μ™„λ£ (LR: 0.0100, v0.1)
2026-02-14 20:59:13 - 
π“΅ [02-14 13:05] SAT_219 : μ§€μƒκµ­ μ ‘μ†
2026-02-14 20:59:13 -    π“¥ SAT_219: λ―Έν•™μµ β†’ v1.0 λ‹¤μ΄λ΅λ“
2026-02-14 20:59:13 - 
π“΅ [02-14 13:07] SAT_203 : IoT ν•™μµ (Abisko Tundra)
2026-02-14 20:59:13 - β… [Train] λ°°μΉ κ°μ: 6
2026-02-14 20:59:13 -               μ—ν¬ν¬ 1/5 μ§„ν–‰ μ¤‘...
2026-02-14 20:59:14 -               μ—ν¬ν¬ 2/5 μ§„ν–‰ μ¤‘...
2026-02-14 20:59:14 -               μ—ν¬ν¬ 3/5 μ§„ν–‰ μ¤‘...
2026-02-14 20:59:14 -               μ—ν¬ν¬ 4/5 μ§„ν–‰ μ¤‘...
2026-02-14 20:59:14 -               μ—ν¬ν¬ 5/5 μ§„ν–‰ μ¤‘...
2026-02-14 20:59:14 -              π§  ν•™μµ μ™„λ£ (Samples: 3605)
2026-02-14 20:59:14 -    β… SAT_203 ν•™μµ μ™„λ£ (LR: 0.0100, v0.2)
2026-02-14 20:59:14 - 
π“΅ [02-14 13:09] SAT_89 : μ§€μƒκµ­ μ ‘μ†
2026-02-14 20:59:14 -    π“¥ SAT_89: λ―Έν•™μµ β†’ v1.0 λ‹¤μ΄λ΅λ“
2026-02-14 20:59:14 - 
π“΅ [02-14 13:09] SAT_189 : IoT ν•™μµ (Abisko Tundra)
2026-02-14 20:59:14 - β… [Train] λ°°μΉ κ°μ: 10
2026-02-14 20:59:14 -               μ—ν¬ν¬ 1/5 μ§„ν–‰ μ¤‘...
2026-02-14 20:59:15 -               μ—ν¬ν¬ 2/5 μ§„ν–‰ μ¤‘...
2026-02-14 20:59:15 -               μ—ν¬ν¬ 3/5 μ§„ν–‰ μ¤‘...
2026-02-14 20:59:15 -               μ—ν¬ν¬ 4/5 μ§„ν–‰ μ¤‘...
2026-02-14 20:59:15 -               μ—ν¬ν¬ 5/5 μ§„ν–‰ μ¤‘...
2026-02-14 20:59:16 -              π§  ν•™μµ μ™„λ£ (Samples: 6325)
2026-02-14 20:59:16 -    β… SAT_189 ν•™μµ μ™„λ£ (LR: 0.0100, v0.1)
2026-02-14 20:59:16 - 
π“΅ [02-14 13:10] SAT_230 : IoT ν•™μµ (Abisko Tundra)
2026-02-14 20:59:16 - β… [Train] λ°°μΉ κ°μ: 7
2026-02-14 20:59:16 -               μ—ν¬ν¬ 1/5 μ§„ν–‰ μ¤‘...
2026-02-14 20:59:16 -               μ—ν¬ν¬ 2/5 μ§„ν–‰ μ¤‘...
2026-02-14 20:59:16 -               μ—ν¬ν¬ 3/5 μ§„ν–‰ μ¤‘...
2026-02-14 20:59:16 -               μ—ν¬ν¬ 4/5 μ§„ν–‰ μ¤‘...
2026-02-14 20:59:16 -               μ—ν¬ν¬ 5/5 μ§„ν–‰ μ¤‘...
2026-02-14 20:59:17 -              π§  ν•™μµ μ™„λ£ (Samples: 4010)
2026-02-14 20:59:17 -    β… SAT_230 ν•™μµ μ™„λ£ (LR: 0.0100, v0.1)
2026-02-14 20:59:17 - 
π“΅ [02-14 13:10] SAT_221 : IoT ν•™μµ (Great_Barrier_Reef)
2026-02-14 20:59:17 - β… [Train] λ°°μΉ κ°μ: 5
2026-02-14 20:59:17 -               μ—ν¬ν¬ 1/5 μ§„ν–‰ μ¤‘...
2026-02-14 20:59:17 -               μ—ν¬ν¬ 2/5 μ§„ν–‰ μ¤‘...
2026-02-14 20:59:17 -               μ—ν¬ν¬ 3/5 μ§„ν–‰ μ¤‘...
2026-02-14 20:59:17 -               μ—ν¬ν¬ 4/5 μ§„ν–‰ μ¤‘...
2026-02-14 20:59:18 -               μ—ν¬ν¬ 5/5 μ§„ν–‰ μ¤‘...
2026-02-14 20:59:18 -              π§  ν•™μµ μ™„λ£ (Samples: 2580)
2026-02-14 20:59:18 -    β… SAT_221 ν•™μµ μ™„λ£ (LR: 0.0100, v1.1)
2026-02-14 20:59:18 - 
π“΅ [02-14 13:10] SAT_232 : μ§€μƒκµ­ μ ‘μ†
2026-02-14 20:59:18 -    π“¥ SAT_232: λ―Έν•™μµ β†’ v1.0 λ‹¤μ΄λ΅λ“
2026-02-14 20:59:18 - 
π“΅ [02-14 13:10] SAT_75 : μ§€μƒκµ­ μ ‘μ†
2026-02-14 20:59:18 -    π“¥ SAT_75: λ―Έν•™μµ β†’ v1.0 λ‹¤μ΄λ΅λ“
2026-02-14 20:59:18 - 
π“΅ [02-14 13:11] SAT_199 : IoT ν•™μµ (Amazon_Forest)
2026-02-14 20:59:18 - β… [Train] λ°°μΉ κ°μ: 7
2026-02-14 20:59:18 -               μ—ν¬ν¬ 1/5 μ§„ν–‰ μ¤‘...
2026-02-14 20:59:18 -               μ—ν¬ν¬ 2/5 μ§„ν–‰ μ¤‘...
2026-02-14 20:59:18 -               μ—ν¬ν¬ 3/5 μ§„ν–‰ μ¤‘...
2026-02-14 20:59:18 -               μ—ν¬ν¬ 4/5 μ§„ν–‰ μ¤‘...
2026-02-14 20:59:19 -               μ—ν¬ν¬ 5/5 μ§„ν–‰ μ¤‘...
2026-02-14 20:59:19 -              π§  ν•™μµ μ™„λ£ (Samples: 4430)
2026-02-14 20:59:19 -    β… SAT_199 ν•™μµ μ™„λ£ (LR: 0.0100, v1.1)
2026-02-14 20:59:19 - 
π“΅ [02-14 13:11] SAT_7 : IoT ν•™μµ (Abisko Tundra)
2026-02-14 20:59:19 - β… [Train] λ°°μΉ κ°μ: 8
2026-02-14 20:59:19 -               μ—ν¬ν¬ 1/5 μ§„ν–‰ μ¤‘...
2026-02-14 20:59:19 -               μ—ν¬ν¬ 2/5 μ§„ν–‰ μ¤‘...
2026-02-14 20:59:19 -               μ—ν¬ν¬ 3/5 μ§„ν–‰ μ¤‘...
2026-02-14 20:59:20 -               μ—ν¬ν¬ 4/5 μ§„ν–‰ μ¤‘...
2026-02-14 20:59:20 -               μ—ν¬ν¬ 5/5 μ§„ν–‰ μ¤‘...
2026-02-14 20:59:20 -              π§  ν•™μµ μ™„λ£ (Samples: 4610)
2026-02-14 20:59:20 -    β… SAT_7 ν•™μµ μ™„λ£ (LR: 0.0100, v0.1)
2026-02-14 20:59:20 - 
π“΅ [02-14 13:11] SAT_216 : IoT ν•™μµ (Abisko Tundra)
2026-02-14 20:59:20 - β… [Train] λ°°μΉ κ°μ: 10
2026-02-14 20:59:20 -               μ—ν¬ν¬ 1/5 μ§„ν–‰ μ¤‘...
2026-02-14 20:59:20 -               μ—ν¬ν¬ 2/5 μ§„ν–‰ μ¤‘...
2026-02-14 20:59:20 -               μ—ν¬ν¬ 3/5 μ§„ν–‰ μ¤‘...
2026-02-14 20:59:21 -               μ—ν¬ν¬ 4/5 μ§„ν–‰ μ¤‘...
2026-02-14 20:59:21 -               μ—ν¬ν¬ 5/5 μ§„ν–‰ μ¤‘...
2026-02-14 20:59:21 -              π§  ν•™μµ μ™„λ£ (Samples: 6285)
2026-02-14 20:59:21 -    β… SAT_216 ν•™μµ μ™„λ£ (LR: 0.0100, v0.1)
2026-02-14 20:59:21 - 
π“΅ [02-14 13:12] SAT_175 : IoT ν•™μµ (Abisko Tundra)
2026-02-14 20:59:21 - β… [Train] λ°°μΉ κ°μ: 12
2026-02-14 20:59:21 -               μ—ν¬ν¬ 1/5 μ§„ν–‰ μ¤‘...
2026-02-14 20:59:22 -               μ—ν¬ν¬ 2/5 μ§„ν–‰ μ¤‘...
2026-02-14 20:59:22 -               μ—ν¬ν¬ 3/5 μ§„ν–‰ μ¤‘...
2026-02-14 20:59:22 -               μ—ν¬ν¬ 4/5 μ§„ν–‰ μ¤‘...
2026-02-14 20:59:22 -               μ—ν¬ν¬ 5/5 μ§„ν–‰ μ¤‘...
2026-02-14 20:59:23 -              π§  ν•™μµ μ™„λ£ (Samples: 7565)
2026-02-14 20:59:23 -    β… SAT_175 ν•™μµ μ™„λ£ (LR: 0.0100, v0.1)
2026-02-14 20:59:23 - 
π“΅ [02-14 13:12] SAT_218 : μ§€μƒκµ­ μ ‘μ†
2026-02-14 20:59:23 -    π“¥ SAT_218: λ―Έν•™μµ β†’ v1.0 λ‹¤μ΄λ΅λ“
2026-02-14 20:59:23 - 
π“΅ [02-14 13:14] SAT_202 : IoT ν•™μµ (Abisko Tundra)
2026-02-14 20:59:23 - β… [Train] λ°°μΉ κ°μ: 12
2026-02-14 20:59:23 -               μ—ν¬ν¬ 1/5 μ§„ν–‰ μ¤‘...
2026-02-14 20:59:23 -               μ—ν¬ν¬ 2/5 μ§„ν–‰ μ¤‘...
2026-02-14 20:59:23 -               μ—ν¬ν¬ 3/5 μ§„ν–‰ μ¤‘...
2026-02-14 20:59:23 -               μ—ν¬ν¬ 4/5 μ§„ν–‰ μ¤‘...
2026-02-14 20:59:24 -               μ—ν¬ν¬ 5/5 μ§„ν–‰ μ¤‘...
2026-02-14 20:59:24 -              π§  ν•™μµ μ™„λ£ (Samples: 7675)
2026-02-14 20:59:24 -    β… SAT_202 ν•™μµ μ™„λ£ (LR: 0.0100, v0.2)
2026-02-14 20:59:24 - 
π“΅ [02-14 13:15] SAT_94 : IoT ν•™μµ (Amazon_Forest)
2026-02-14 20:59:24 - β… [Train] λ°°μΉ κ°μ: 12
2026-02-14 20:59:24 -               μ—ν¬ν¬ 1/5 μ§„ν–‰ μ¤‘...
2026-02-14 20:59:24 -               μ—ν¬ν¬ 2/5 μ§„ν–‰ μ¤‘...
2026-02-14 20:59:24 -               μ—ν¬ν¬ 3/5 μ§„ν–‰ μ¤‘...
2026-02-14 20:59:25 -               μ—ν¬ν¬ 4/5 μ§„ν–‰ μ¤‘...
2026-02-14 20:59:25 -               μ—ν¬ν¬ 5/5 μ§„ν–‰ μ¤‘...
2026-02-14 20:59:25 -              π§  ν•™μµ μ™„λ£ (Samples: 7395)
2026-02-14 20:59:25 -    β… SAT_94 ν•™μµ μ™„λ£ (LR: 0.0100, v0.1)
2026-02-14 20:59:25 - 
π“΅ [02-14 13:16] SAT_88 : μ§€μƒκµ­ μ ‘μ†
2026-02-14 20:59:25 -    π“¥ SAT_88: λ―Έν•™μµ β†’ v1.0 λ‹¤μ΄λ΅λ“
2026-02-14 20:59:25 - 
π“΅ [02-14 13:16] SAT_188 : IoT ν•™μµ (Abisko Tundra)
2026-02-14 20:59:25 - β… [Train] λ°°μΉ κ°μ: 5
2026-02-14 20:59:25 -               μ—ν¬ν¬ 1/5 μ§„ν–‰ μ¤‘...
2026-02-14 20:59:25 -               μ—ν¬ν¬ 2/5 μ§„ν–‰ μ¤‘...
2026-02-14 20:59:26 -               μ—ν¬ν¬ 3/5 μ§„ν–‰ μ¤‘...
2026-02-14 20:59:26 -               μ—ν¬ν¬ 4/5 μ§„ν–‰ μ¤‘...
2026-02-14 20:59:26 -               μ—ν¬ν¬ 5/5 μ§„ν–‰ μ¤‘...
2026-02-14 20:59:26 -              π§  ν•™μµ μ™„λ£ (Samples: 3120)
2026-02-14 20:59:26 -    β… SAT_188 ν•™μµ μ™„λ£ (LR: 0.0100, v0.1)
2026-02-14 20:59:26 - 
π“΅ [02-14 13:17] SAT_229 : IoT ν•™μµ (Abisko Tundra)
2026-02-14 20:59:26 - β… [Train] λ°°μΉ κ°μ: 12
2026-02-14 20:59:26 -               μ—ν¬ν¬ 1/5 μ§„ν–‰ μ¤‘...
2026-02-14 20:59:27 -               μ—ν¬ν¬ 2/5 μ§„ν–‰ μ¤‘...
2026-02-14 20:59:27 -               μ—ν¬ν¬ 3/5 μ§„ν–‰ μ¤‘...
2026-02-14 20:59:27 -               μ—ν¬ν¬ 4/5 μ§„ν–‰ μ¤‘...
2026-02-14 20:59:27 -               μ—ν¬ν¬ 5/5 μ§„ν–‰ μ¤‘...
2026-02-14 20:59:28 -              π§  ν•™μµ μ™„λ£ (Samples: 7645)
2026-02-14 20:59:28 -    β… SAT_229 ν•™μµ μ™„λ£ (LR: 0.0100, v0.1)
2026-02-14 20:59:28 - 
π“΅ [02-14 13:17] SAT_231 : μ§€μƒκµ­ μ ‘μ†
2026-02-14 20:59:28 -    π“¥ SAT_231: λ―Έν•™μµ β†’ v1.0 λ‹¤μ΄λ΅λ“
2026-02-14 20:59:28 - 
π“΅ [02-14 13:17] SAT_220 : IoT ν•™μµ (Great_Barrier_Reef)
2026-02-14 20:59:28 - β… [Train] λ°°μΉ κ°μ: 10
2026-02-14 20:59:28 -               μ—ν¬ν¬ 1/5 μ§„ν–‰ μ¤‘...
2026-02-14 20:59:28 -               μ—ν¬ν¬ 2/5 μ§„ν–‰ μ¤‘...
2026-02-14 20:59:28 -               μ—ν¬ν¬ 3/5 μ§„ν–‰ μ¤‘...
2026-02-14 20:59:28 -               μ—ν¬ν¬ 4/5 μ§„ν–‰ μ¤‘...
2026-02-14 20:59:29 -               μ—ν¬ν¬ 5/5 μ§„ν–‰ μ¤‘...
2026-02-14 20:59:29 -              π§  ν•™μµ μ™„λ£ (Samples: 6140)
2026-02-14 20:59:29 -    β… SAT_220 ν•™μµ μ™„λ£ (LR: 0.0100, v1.1)
2026-02-14 20:59:29 - 
π“΅ [02-14 13:18] SAT_74 : μ§€μƒκµ­ μ ‘μ†
2026-02-14 20:59:29 -    π“¥ SAT_74: λ―Έν•™μµ β†’ v1.0 λ‹¤μ΄λ΅λ“
2026-02-14 20:59:29 - 
π“΅ [02-14 13:18] SAT_6 : IoT ν•™μµ (Abisko Tundra)
2026-02-14 20:59:29 - β… [Train] λ°°μΉ κ°μ: 16
2026-02-14 20:59:29 -               μ—ν¬ν¬ 1/5 μ§„ν–‰ μ¤‘...
2026-02-14 20:59:29 -               μ—ν¬ν¬ 2/5 μ§„ν–‰ μ¤‘...
2026-02-14 20:59:29 -               μ—ν¬ν¬ 3/5 μ§„ν–‰ μ¤‘...
2026-02-14 20:59:30 -               μ—ν¬ν¬ 4/5 μ§„ν–‰ μ¤‘...
2026-02-14 20:59:30 -               μ—ν¬ν¬ 5/5 μ§„ν–‰ μ¤‘...
2026-02-14 20:59:30 -              π§  ν•™μµ μ™„λ£ (Samples: 9760)
2026-02-14 20:59:30 -    β… SAT_6 ν•™μµ μ™„λ£ (LR: 0.0100, v0.1)
2026-02-14 20:59:30 - 
π“΅ [02-14 13:18] SAT_198 : IoT ν•™μµ (Amazon_Forest)
2026-02-14 20:59:30 - β… [Train] λ°°μΉ κ°μ: 8
2026-02-14 20:59:30 -               μ—ν¬ν¬ 1/5 μ§„ν–‰ μ¤‘...
2026-02-14 20:59:31 -               μ—ν¬ν¬ 2/5 μ§„ν–‰ μ¤‘...
2026-02-14 20:59:31 -               μ—ν¬ν¬ 3/5 μ§„ν–‰ μ¤‘...
